<?xml version="1.0" encoding="UTF-8"?>
<testsuite xmlns:xsi="http://www.w3.org/2001/XMLSchema-instance" xsi:noNamespaceSchemaLocation="https://maven.apache.org/surefire/maven-surefire-plugin/xsd/surefire-test-report-3.0.xsd" version="3.0" name="services.liftNotes.services.AuthServiceTests" time="3.895" tests="4" errors="0" skipped="0" failures="0">
  <properties>
[...]
</properties>
  <testcase name="loginUser" classname="services.liftNotes.services.AuthServiceTests" time="0.151">
    <system-out><![CDATA[2024-01-29T14:00:41.192-06:00 DEBUG 31492 --- [           main] .b.t.c.SpringBootTestContextBootstrapper : Neither @ContextConfiguration nor @ContextHierarchy found for test class [AuthServiceTests]: using SpringBootContextLoader
2024-01-29T14:00:41.192-06:00 DEBUG 31492 --- [           main] o.s.t.c.support.AbstractContextLoader    : Could not detect default resource locations for test class [services.liftNotes.services.AuthServiceTests]: no resource found for suffixes {-context.xml, Context.groovy}.
2024-01-29T14:00:41.192-06:00  INFO 31492 --- [           main] t.c.s.AnnotationConfigContextLoaderUtils : Could not detect default configuration classes for test class [services.liftNotes.services.AuthServiceTests]: AuthServiceTests does not declare any static, non-private, non-final, nested classes annotated with @Configuration.
2024-01-29T14:00:41.195-06:00 DEBUG 31492 --- [           main] .b.t.c.SpringBootTestContextBootstrapper : Using ContextCustomizers for test class [AuthServiceTests]: [ExcludeFilterContextCustomizer, DuplicateJsonObjectContextCustomizer, MockitoContextCustomizer, TestRestTemplateContextCustomizer, DisableObservabilityContextCustomizer, PropertyMappingContextCustomizer, Customizer]
2024-01-29T14:00:41.205-06:00 DEBUG 31492 --- [           main] ssPathScanningCandidateComponentProvider : Identified candidate component class: file [C:\Users\dtera\Documents\Projects\SpringBoot\liftNotes\target\classes\services\liftNotes\LiftNotesApplication.class]
2024-01-29T14:00:41.205-06:00  INFO 31492 --- [           main] .b.t.c.SpringBootTestContextBootstrapper : Found @SpringBootConfiguration services.liftNotes.LiftNotesApplication for test class services.liftNotes.services.AuthServiceTests
2024-01-29T14:00:41.207-06:00 DEBUG 31492 --- [           main] .s.t.c.u.TestContextSpringFactoriesUtils : Skipping candidate TestExecutionListener [org.springframework.test.context.observation.MicrometerObservationRegistryTestExecutionListener] due to a missing dependency. Specify custom TestExecutionListener classes or make the default TestExecutionListener classes and their required dependencies available. Offending class: io.micrometer.context.ThreadLocalAccessor. MicrometerObservationRegistryTestExecutionListener requires io.micrometer:micrometer-observation:1.10.8 or higher and io.micrometer:context-propagation:1.0.3 or higher.
2024-01-29T14:00:41.207-06:00 DEBUG 31492 --- [           main] .b.t.c.SpringBootTestContextBootstrapper : Using TestExecutionListeners for test class [AuthServiceTests]: [ServletTestExecutionListener, DirtiesContextBeforeModesTestExecutionListener, ApplicationEventsTestExecutionListener, MockitoTestExecutionListener, DependencyInjectionTestExecutionListener, DirtiesContextTestExecutionListener, TransactionalTestExecutionListener, SqlScriptsTestExecutionListener, EventPublishingTestExecutionListener, ResetMocksTestExecutionListener, RestDocsTestExecutionListener, MockRestServiceServerResetTestExecutionListener, MockMvcPrintOnlyOnFailureTestExecutionListener, WebDriverTestExecutionListener, MockWebServiceServerTestExecutionListener]
2024-01-29T14:00:41.207-06:00 DEBUG 31492 --- [           main] sContextBeforeModesTestExecutionListener : Before test class: class [AuthServiceTests], class annotated with @DirtiesContext [false] with mode [null]
2024-01-29T14:00:41.236-06:00 DEBUG 31492 --- [           main] .s.b.w.s.c.ApplicationServletEnvironment : Activating profiles []

  .   ____          _            __ _ _
 /\\ / ___'_ __ _ _(_)_ __  __ _ \ \ \ \
( ( )\___ | '_ | '_| | '_ \/ _` | \ \ \ \
 \\/  ___)| |_)| | | | | || (_| |  ) ) ) )
  '  |____| .__|_| |_|_| |_\__, | / / / /
 =========|_|==============|___/=/_/_/_/
 :: Spring Boot ::                (v3.1.2)

2024-01-29T14:00:41.243-06:00  INFO 31492 --- [           main] s.liftNotes.services.AuthServiceTests    : Starting AuthServiceTests using Java 18.0.2 with PID 31492 (started by dtera in C:\Users\dtera\Documents\Projects\SpringBoot\liftNotes)
2024-01-29T14:00:41.243-06:00 DEBUG 31492 --- [           main] s.liftNotes.services.AuthServiceTests    : Running with Spring Boot v3.1.2, Spring v6.0.11
2024-01-29T14:00:41.243-06:00  INFO 31492 --- [           main] s.liftNotes.services.AuthServiceTests    : No active profile set, falling back to 1 default profile: "default"
2024-01-29T14:00:41.243-06:00 DEBUG 31492 --- [           main] o.s.boot.SpringApplication               : Loading source class services.liftNotes.LiftNotesApplication
2024-01-29T14:00:41.246-06:00 DEBUG 31492 --- [           main] o.s.w.c.s.GenericWebApplicationContext   : Refreshing org.springframework.web.context.support.GenericWebApplicationContext@42ab759a
2024-01-29T14:00:41.247-06:00 DEBUG 31492 --- [           main] o.s.b.f.s.DefaultListableBeanFactory     : Creating shared instance of singleton bean 'org.springframework.context.annotation.internalConfigurationAnnotationProcessor'
2024-01-29T14:00:41.248-06:00 DEBUG 31492 --- [           main] o.s.b.f.s.DefaultListableBeanFactory     : Creating shared instance of singleton bean 'org.springframework.boot.autoconfigure.internalCachingMetadataReaderFactory'
2024-01-29T14:00:41.256-06:00 DEBUG 31492 --- [           main] o.s.c.a.ClassPathBeanDefinitionScanner   : Identified candidate component class: file [C:\Users\dtera\Documents\Projects\SpringBoot\liftNotes\target\classes\services\liftNotes\config\Controller\AdminController.class]
2024-01-29T14:00:41.257-06:00 DEBUG 31492 --- [           main] o.s.c.a.ClassPathBeanDefinitionScanner   : Identified candidate component class: file [C:\Users\dtera\Documents\Projects\SpringBoot\liftNotes\target\classes\services\liftNotes\config\Controller\AuthController.class]
2024-01-29T14:00:41.257-06:00 DEBUG 31492 --- [           main] o.s.c.a.ClassPathBeanDefinitionScanner   : Identified candidate component class: file [C:\Users\dtera\Documents\Projects\SpringBoot\liftNotes\target\classes\services\liftNotes\config\Controller\UserController.class]
2024-01-29T14:00:41.259-06:00 DEBUG 31492 --- [           main] o.s.c.a.ClassPathBeanDefinitionScanner   : Ignored because not a concrete top-level class: file [C:\Users\dtera\Documents\Projects\SpringBoot\liftNotes\target\classes\services\liftNotes\config\repository\RoleRepository.class]
2024-01-29T14:00:41.260-06:00 DEBUG 31492 --- [           main] o.s.c.a.ClassPathBeanDefinitionScanner   : Ignored because not a concrete top-level class: file [C:\Users\dtera\Documents\Projects\SpringBoot\liftNotes\target\classes\services\liftNotes\config\repository\UserRepository.class]
2024-01-29T14:00:41.261-06:00 DEBUG 31492 --- [           main] o.s.c.a.ClassPathBeanDefinitionScanner   : Identified candidate component class: file [C:\Users\dtera\Documents\Projects\SpringBoot\liftNotes\target\classes\services\liftNotes\config\SecurityConfig.class]
2024-01-29T14:00:41.264-06:00 DEBUG 31492 --- [           main] o.s.c.a.ClassPathBeanDefinitionScanner   : Identified candidate component class: file [C:\Users\dtera\Documents\Projects\SpringBoot\liftNotes\target\classes\services\liftNotes\config\service\AuthService.class]
2024-01-29T14:00:41.265-06:00 DEBUG 31492 --- [           main] o.s.c.a.ClassPathBeanDefinitionScanner   : Identified candidate component class: file [C:\Users\dtera\Documents\Projects\SpringBoot\liftNotes\target\classes\services\liftNotes\config\service\TokenService.class]
2024-01-29T14:00:41.265-06:00 DEBUG 31492 --- [           main] o.s.c.a.ClassPathBeanDefinitionScanner   : Identified candidate component class: file [C:\Users\dtera\Documents\Projects\SpringBoot\liftNotes\target\classes\services\liftNotes\config\service\UserService.class]
2024-01-29T14:00:41.268-06:00 DEBUG 31492 --- [           main] o.s.c.a.ClassPathBeanDefinitionScanner   : Identified candidate component class: file [C:\Users\dtera\Documents\Projects\SpringBoot\liftNotes\target\classes\services\liftNotes\config\utils\RSAKeyProperties.class]
2024-01-29T14:00:41.268-06:00 DEBUG 31492 --- [           main] o.s.c.a.ClassPathBeanDefinitionScanner   : Identified candidate component class: file [C:\Users\dtera\Documents\Projects\SpringBoot\liftNotes\target\classes\services\liftNotes\Excercises\controller\ExerciseController.class]
2024-01-29T14:00:41.269-06:00 DEBUG 31492 --- [           main] o.s.c.a.ClassPathBeanDefinitionScanner   : Identified candidate component class: file [C:\Users\dtera\Documents\Projects\SpringBoot\liftNotes\target\classes\services\liftNotes\Excercises\service\ExerciseServiceImpl.class]
2024-01-29T14:00:41.270-06:00 DEBUG 31492 --- [           main] o.s.c.a.ClassPathBeanDefinitionScanner   : Identified candidate component class: file [C:\Users\dtera\Documents\Projects\SpringBoot\liftNotes\target\classes\services\liftNotes\WorkoutExercises\controller\WorkoutExerciseController.class]
2024-01-29T14:00:41.271-06:00 DEBUG 31492 --- [           main] o.s.c.a.ClassPathBeanDefinitionScanner   : Ignored because not a concrete top-level class: file [C:\Users\dtera\Documents\Projects\SpringBoot\liftNotes\target\classes\services\liftNotes\WorkoutExercises\repository\WorkoutExerciseRepo.class]
2024-01-29T14:00:41.271-06:00 DEBUG 31492 --- [           main] o.s.c.a.ClassPathBeanDefinitionScanner   : Identified candidate component class: file [C:\Users\dtera\Documents\Projects\SpringBoot\liftNotes\target\classes\services\liftNotes\WorkoutExercises\service\WorkoutExerciseImpl.class]
2024-01-29T14:00:41.271-06:00 DEBUG 31492 --- [           main] o.s.c.a.ClassPathBeanDefinitionScanner   : Identified candidate component class: file [C:\Users\dtera\Documents\Projects\SpringBoot\liftNotes\target\classes\services\liftNotes\Workouts\controller\WorkoutsController.class]
2024-01-29T14:00:41.272-06:00 DEBUG 31492 --- [           main] o.s.c.a.ClassPathBeanDefinitionScanner   : Ignored because not a concrete top-level class: file [C:\Users\dtera\Documents\Projects\SpringBoot\liftNotes\target\classes\services\liftNotes\Workouts\repository\WorkoutRepository.class]
2024-01-29T14:00:41.273-06:00 DEBUG 31492 --- [           main] o.s.c.a.ClassPathBeanDefinitionScanner   : Identified candidate component class: file [C:\Users\dtera\Documents\Projects\SpringBoot\liftNotes\target\classes\services\liftNotes\Workouts\service\WorkoutServiceImpl.class]
2024-01-29T14:00:41.453-06:00  INFO 31492 --- [           main] .s.d.r.c.RepositoryConfigurationDelegate : Bootstrapping Spring Data JPA repositories in DEFAULT mode.
2024-01-29T14:00:41.453-06:00 DEBUG 31492 --- [           main] o.s.b.f.s.DefaultListableBeanFactory     : Creating shared instance of singleton bean 'org.springframework.boot.autoconfigure.AutoConfigurationPackages'
2024-01-29T14:00:41.453-06:00 DEBUG 31492 --- [           main] o.s.b.a.AutoConfigurationPackages        : @EnableAutoConfiguration was declared on a class in the package 'services.liftNotes'. Automatic @Repository and @Entity scanning is enabled.
2024-01-29T14:00:41.454-06:00 DEBUG 31492 --- [           main] .s.d.r.c.RepositoryConfigurationDelegate : Scanning for JPA repositories in packages services.liftNotes.
2024-01-29T14:00:41.460-06:00 DEBUG 31492 --- [           main] o.s.d.r.c.RepositoryComponentProvider    : Identified candidate component class: file [C:\Users\dtera\Documents\Projects\SpringBoot\liftNotes\target\classes\services\liftNotes\config\repository\RoleRepository.class]
2024-01-29T14:00:41.461-06:00 DEBUG 31492 --- [           main] o.s.d.r.c.RepositoryComponentProvider    : Identified candidate component class: file [C:\Users\dtera\Documents\Projects\SpringBoot\liftNotes\target\classes\services\liftNotes\config\repository\UserRepository.class]
2024-01-29T14:00:41.461-06:00 DEBUG 31492 --- [           main] o.s.d.r.c.RepositoryComponentProvider    : Identified candidate component class: file [C:\Users\dtera\Documents\Projects\SpringBoot\liftNotes\target\classes\services\liftNotes\Excercises\repository\ExerciseRepository.class]
2024-01-29T14:00:41.462-06:00 DEBUG 31492 --- [           main] o.s.d.r.c.RepositoryComponentProvider    : Identified candidate component class: file [C:\Users\dtera\Documents\Projects\SpringBoot\liftNotes\target\classes\services\liftNotes\WorkoutExercises\repository\WorkoutExerciseRepo.class]
2024-01-29T14:00:41.462-06:00 DEBUG 31492 --- [           main] o.s.d.r.c.RepositoryComponentProvider    : Identified candidate component class: file [C:\Users\dtera\Documents\Projects\SpringBoot\liftNotes\target\classes\services\liftNotes\Workouts\repository\WorkoutRepository.class]
2024-01-29T14:00:41.472-06:00 DEBUG 31492 --- [           main] ssPathScanningCandidateComponentProvider : Identified candidate component class: file [C:\Users\dtera\Documents\Projects\SpringBoot\liftNotes\target\classes\services\liftNotes\Excercises\service\ExerciseServiceImpl.class]
2024-01-29T14:00:41.472-06:00 DEBUG 31492 --- [           main] ssPathScanningCandidateComponentProvider : Identified candidate component class: file [C:\Users\dtera\Documents\Projects\SpringBoot\liftNotes\target\classes\services\liftNotes\WorkoutExercises\service\WorkoutExerciseImpl.class]
2024-01-29T14:00:41.472-06:00 DEBUG 31492 --- [           main] ssPathScanningCandidateComponentProvider : Identified candidate component class: file [C:\Users\dtera\Documents\Projects\SpringBoot\liftNotes\target\classes\services\liftNotes\Workouts\service\WorkoutServiceImpl.class]
2024-01-29T14:00:41.478-06:00  INFO 31492 --- [           main] .s.d.r.c.RepositoryConfigurationDelegate : Finished Spring Data repository scanning in 24 ms. Found 5 JPA repository interfaces.
2024-01-29T14:00:41.521-06:00 DEBUG 31492 --- [           main] o.s.b.f.s.DefaultListableBeanFactory     : Creating shared instance of singleton bean 'propertySourcesPlaceholderConfigurer'
2024-01-29T14:00:41.522-06:00 DEBUG 31492 --- [           main] o.s.b.f.s.DefaultListableBeanFactory     : Creating shared instance of singleton bean 'org.springframework.boot.test.mock.mockito.MockitoPostProcessor'
2024-01-29T14:00:41.523-06:00 DEBUG 31492 --- [           main] o.s.b.f.s.DefaultListableBeanFactory     : Creating shared instance of singleton bean 'emBeanDefinitionRegistrarPostProcessor'
2024-01-29T14:00:41.523-06:00 DEBUG 31492 --- [           main] o.s.b.f.s.DefaultListableBeanFactory     : Creating shared instance of singleton bean 'org.springframework.boot.sql.init.dependency.DatabaseInitializationDependencyConfigurer$DependsOnDatabaseInitializationPostProcessor'
2024-01-29T14:00:42.375-06:00 DEBUG 31492 --- [           main] o.s.b.f.s.DefaultListableBeanFactory     : Creating shared instance of singleton bean 'org.springframework.context.event.internalEventListenerProcessor'
2024-01-29T14:00:42.375-06:00 DEBUG 31492 --- [           main] o.s.b.f.s.DefaultListableBeanFactory     : Creating shared instance of singleton bean 'conversionServicePostProcessor'
2024-01-29T14:00:42.377-06:00 DEBUG 31492 --- [           main] o.s.b.f.s.DefaultListableBeanFactory     : Creating shared instance of singleton bean 'preserveErrorControllerTargetClassPostProcessor'
2024-01-29T14:00:42.381-06:00 DEBUG 31492 --- [           main] o.s.b.f.s.DefaultListableBeanFactory     : Creating shared instance of singleton bean 'org.springframework.context.event.internalEventListenerFactory'
2024-01-29T14:00:42.382-06:00 DEBUG 31492 --- [           main] o.s.b.f.s.DefaultListableBeanFactory     : Creating shared instance of singleton bean 'org.springframework.transaction.config.internalTransactionalEventListenerFactory'
2024-01-29T14:00:42.393-06:00 DEBUG 31492 --- [           main] o.s.b.f.s.DefaultListableBeanFactory     : Creating shared instance of singleton bean 'org.springframework.boot.test.mock.mockito.MockitoPostProcessor$SpyPostProcessor'
2024-01-29T14:00:42.396-06:00 DEBUG 31492 --- [           main] o.s.b.f.s.DefaultListableBeanFactory     : Creating shared instance of singleton bean 'org.springframework.context.annotation.internalAutowiredAnnotationProcessor'
2024-01-29T14:00:42.399-06:00 DEBUG 31492 --- [           main] o.s.b.f.s.DefaultListableBeanFactory     : Creating shared instance of singleton bean 'org.springframework.context.annotation.internalCommonAnnotationProcessor'
2024-01-29T14:00:42.402-06:00 DEBUG 31492 --- [           main] o.s.b.f.s.DefaultListableBeanFactory     : Creating shared instance of singleton bean 'org.springframework.context.annotation.internalPersistenceAnnotationProcessor'
2024-01-29T14:00:42.402-06:00 DEBUG 31492 --- [           main] o.s.b.f.s.DefaultListableBeanFactory     : Creating shared instance of singleton bean 'org.springframework.boot.context.properties.ConfigurationPropertiesBindingPostProcessor'
2024-01-29T14:00:42.403-06:00 DEBUG 31492 --- [           main] o.s.b.f.s.DefaultListableBeanFactory     : Creating shared instance of singleton bean 'org.springframework.boot.context.internalConfigurationPropertiesBinder'
2024-01-29T14:00:42.406-06:00 DEBUG 31492 --- [           main] o.s.b.f.s.DefaultListableBeanFactory     : Creating shared instance of singleton bean 'jdbcConnectionDetailsHikariBeanPostProcessor'
2024-01-29T14:00:42.406-06:00 DEBUG 31492 --- [           main] o.s.b.f.s.DefaultListableBeanFactory     : Creating shared instance of singleton bean 'org.springframework.aop.config.internalAutoProxyCreator'
2024-01-29T14:00:42.419-06:00 DEBUG 31492 --- [           main] o.s.b.f.s.DefaultListableBeanFactory     : Creating shared instance of singleton bean 'persistenceExceptionTranslationPostProcessor'
2024-01-29T14:00:42.434-06:00 DEBUG 31492 --- [           main] o.s.b.f.s.DefaultListableBeanFactory     : Autowiring by type from bean name 'persistenceExceptionTranslationPostProcessor' via factory method to bean named 'environment'
2024-01-29T14:00:42.439-06:00 DEBUG 31492 --- [           main] o.s.b.f.s.DefaultListableBeanFactory     : Creating shared instance of singleton bean 'webServerFactoryCustomizerBeanPostProcessor'
2024-01-29T14:00:42.440-06:00 DEBUG 31492 --- [           main] o.s.b.f.s.DefaultListableBeanFactory     : Creating shared instance of singleton bean 'errorPageRegistrarBeanPostProcessor'
2024-01-29T14:00:42.442-06:00 DEBUG 31492 --- [           main] o.s.b.f.s.DefaultListableBeanFactory     : Creating shared instance of singleton bean 'projectingArgumentResolverBeanPostProcessor'
2024-01-29T14:00:42.445-06:00 DEBUG 31492 --- [           main] o.s.b.f.s.DefaultListableBeanFactory     : Creating shared instance of singleton bean 'org.springframework.transaction.config.internalTransactionAdvisor'
2024-01-29T14:00:42.446-06:00 DEBUG 31492 --- [           main] o.s.b.f.s.DefaultListableBeanFactory     : Creating shared instance of singleton bean 'org.springframework.transaction.annotation.ProxyTransactionManagementConfiguration'
2024-01-29T14:00:42.474-06:00 DEBUG 31492 --- [           main] o.s.b.f.s.DefaultListableBeanFactory     : Creating shared instance of singleton bean 'transactionAttributeSource'
2024-01-29T14:00:42.483-06:00 DEBUG 31492 --- [           main] o.s.b.f.s.DefaultListableBeanFactory     : Creating shared instance of singleton bean 'transactionInterceptor'
2024-01-29T14:00:42.486-06:00 DEBUG 31492 --- [           main] o.s.b.f.s.DefaultListableBeanFactory     : Autowiring by type from bean name 'transactionInterceptor' via factory method to bean named 'transactionAttributeSource'
2024-01-29T14:00:42.492-06:00 DEBUG 31492 --- [           main] o.s.b.f.s.DefaultListableBeanFactory     : Autowiring by type from bean name 'org.springframework.transaction.config.internalTransactionAdvisor' via factory method to bean named 'transactionAttributeSource'
2024-01-29T14:00:42.493-06:00 DEBUG 31492 --- [           main] o.s.b.f.s.DefaultListableBeanFactory     : Autowiring by type from bean name 'org.springframework.transaction.config.internalTransactionAdvisor' via factory method to bean named 'transactionInterceptor'
2024-01-29T14:00:42.508-06:00 DEBUG 31492 --- [           main] o.s.u.c.s.UiApplicationContextUtils      : Unable to locate ThemeSource with name 'themeSource': using default [org.springframework.ui.context.support.ResourceBundleThemeSource@31749216]
2024-01-29T14:00:42.510-06:00 DEBUG 31492 --- [           main] o.s.b.f.s.DefaultListableBeanFactory     : Creating shared instance of singleton bean 'dataSourceScriptDatabaseInitializer'
2024-01-29T14:00:42.510-06:00 DEBUG 31492 --- [           main] o.s.b.f.s.DefaultListableBeanFactory     : Creating shared instance of singleton bean 'org.springframework.boot.autoconfigure.sql.init.DataSourceInitializationConfiguration'
2024-01-29T14:00:42.518-06:00 DEBUG 31492 --- [           main] o.s.b.f.s.DefaultListableBeanFactory     : Creating shared instance of singleton bean 'dataSource'
2024-01-29T14:00:42.519-06:00 DEBUG 31492 --- [           main] o.s.b.f.s.DefaultListableBeanFactory     : Creating shared instance of singleton bean 'org.springframework.boot.autoconfigure.jdbc.DataSourceConfiguration$Hikari'
2024-01-29T14:00:42.522-06:00 DEBUG 31492 --- [           main] o.s.b.f.s.DefaultListableBeanFactory     : Creating shared instance of singleton bean 'spring.datasource-org.springframework.boot.autoconfigure.jdbc.DataSourceProperties'
2024-01-29T14:00:42.524-06:00 DEBUG 31492 --- [           main] o.s.b.f.s.DefaultListableBeanFactory     : Creating shared instance of singleton bean 'org.springframework.boot.context.properties.BoundConfigurationProperties'
2024-01-29T14:00:42.561-06:00 DEBUG 31492 --- [           main] o.s.b.f.s.DefaultListableBeanFactory     : Creating shared instance of singleton bean 'jdbcConnectionDetails'
2024-01-29T14:00:42.562-06:00 DEBUG 31492 --- [           main] o.s.b.f.s.DefaultListableBeanFactory     : Creating shared instance of singleton bean 'org.springframework.boot.autoconfigure.jdbc.DataSourceAutoConfiguration$PooledDataSourceConfiguration'
2024-01-29T14:00:42.564-06:00 DEBUG 31492 --- [           main] o.s.b.f.s.DefaultListableBeanFactory     : Autowiring by type from bean name 'jdbcConnectionDetails' via factory method to bean named 'spring.datasource-org.springframework.boot.autoconfigure.jdbc.DataSourceProperties'
2024-01-29T14:00:42.570-06:00 DEBUG 31492 --- [           main] o.s.b.f.s.DefaultListableBeanFactory     : Autowiring by type from bean name 'dataSource' via factory method to bean named 'spring.datasource-org.springframework.boot.autoconfigure.jdbc.DataSourceProperties'
2024-01-29T14:00:42.570-06:00 DEBUG 31492 --- [           main] o.s.b.f.s.DefaultListableBeanFactory     : Autowiring by type from bean name 'dataSource' via factory method to bean named 'jdbcConnectionDetails'
2024-01-29T14:00:42.572-06:00 DEBUG 31492 --- [           main] com.zaxxer.hikari.HikariConfig           : Driver class com.mysql.cj.jdbc.Driver found in Thread context class loader jdk.internal.loader.ClassLoaders$AppClassLoader@4b1210ee
2024-01-29T14:00:42.612-06:00 DEBUG 31492 --- [           main] o.s.b.f.s.DefaultListableBeanFactory     : Creating shared instance of singleton bean 'spring.sql.init-org.springframework.boot.autoconfigure.sql.init.SqlInitializationProperties'
2024-01-29T14:00:42.621-06:00 DEBUG 31492 --- [           main] o.s.b.f.s.DefaultListableBeanFactory     : Autowiring by type from bean name 'dataSourceScriptDatabaseInitializer' via factory method to bean named 'dataSource'
2024-01-29T14:00:42.621-06:00 DEBUG 31492 --- [           main] o.s.b.f.s.DefaultListableBeanFactory     : Autowiring by type from bean name 'dataSourceScriptDatabaseInitializer' via factory method to bean named 'spring.sql.init-org.springframework.boot.autoconfigure.sql.init.SqlInitializationProperties'
2024-01-29T14:00:42.626-06:00 DEBUG 31492 --- [           main] o.s.b.f.s.DefaultListableBeanFactory     : Creating shared instance of singleton bean 'entityManagerFactory'
2024-01-29T14:00:42.626-06:00 DEBUG 31492 --- [           main] o.s.b.f.s.DefaultListableBeanFactory     : Creating shared instance of singleton bean 'org.springframework.boot.autoconfigure.orm.jpa.HibernateJpaConfiguration'
2024-01-29T14:00:42.628-06:00 DEBUG 31492 --- [           main] o.s.b.f.s.DefaultListableBeanFactory     : Creating shared instance of singleton bean 'spring.jpa-org.springframework.boot.autoconfigure.orm.jpa.JpaProperties'
2024-01-29T14:00:42.635-06:00 DEBUG 31492 --- [           main] o.s.b.f.s.DefaultListableBeanFactory     : Creating shared instance of singleton bean 'spring.jpa.hibernate-org.springframework.boot.autoconfigure.orm.jpa.HibernateProperties'
2024-01-29T14:00:42.638-06:00 DEBUG 31492 --- [           main] o.s.b.f.s.DefaultListableBeanFactory     : Autowiring by type from bean name 'org.springframework.boot.autoconfigure.orm.jpa.HibernateJpaConfiguration' via constructor to bean named 'dataSource'
2024-01-29T14:00:42.638-06:00 DEBUG 31492 --- [           main] o.s.b.f.s.DefaultListableBeanFactory     : Autowiring by type from bean name 'org.springframework.boot.autoconfigure.orm.jpa.HibernateJpaConfiguration' via constructor to bean named 'spring.jpa-org.springframework.boot.autoconfigure.orm.jpa.JpaProperties'
2024-01-29T14:00:42.638-06:00 DEBUG 31492 --- [           main] o.s.b.f.s.DefaultListableBeanFactory     : Autowiring by type from bean name 'org.springframework.boot.autoconfigure.orm.jpa.HibernateJpaConfiguration' via constructor to bean named 'org.springframework.beans.factory.support.DefaultListableBeanFactory@3df3a9f8'
2024-01-29T14:00:42.638-06:00 DEBUG 31492 --- [           main] o.s.b.f.s.DefaultListableBeanFactory     : Autowiring by type from bean name 'org.springframework.boot.autoconfigure.orm.jpa.HibernateJpaConfiguration' via constructor to bean named 'spring.jpa.hibernate-org.springframework.boot.autoconfigure.orm.jpa.HibernateProperties'
2024-01-29T14:00:42.640-06:00 DEBUG 31492 --- [           main] o.s.b.f.s.DefaultListableBeanFactory     : Creating shared instance of singleton bean 'hikariPoolDataSourceMetadataProvider'
2024-01-29T14:00:42.641-06:00 DEBUG 31492 --- [           main] o.s.b.f.s.DefaultListableBeanFactory     : Creating shared instance of singleton bean 'org.springframework.boot.autoconfigure.jdbc.metadata.DataSourcePoolMetadataProvidersConfiguration$HikariPoolDataSourceMetadataProviderConfiguration'
2024-01-29T14:00:42.650-06:00 DEBUG 31492 --- [           main] o.s.b.f.s.DefaultListableBeanFactory     : Creating shared instance of singleton bean 'entityManagerFactoryBuilder'
2024-01-29T14:00:42.651-06:00 DEBUG 31492 --- [           main] o.s.b.f.s.DefaultListableBeanFactory     : Creating shared instance of singleton bean 'jpaVendorAdapter'
2024-01-29T14:00:42.655-06:00 DEBUG 31492 --- [           main] o.s.b.f.s.DefaultListableBeanFactory     : Autowiring by type from bean name 'entityManagerFactoryBuilder' via factory method to bean named 'jpaVendorAdapter'
2024-01-29T14:00:42.660-06:00 DEBUG 31492 --- [           main] o.s.b.f.s.DefaultListableBeanFactory     : Creating shared instance of singleton bean 'persistenceManagedTypes'
2024-01-29T14:00:42.662-06:00 DEBUG 31492 --- [           main] o.s.b.f.s.DefaultListableBeanFactory     : Autowiring by type from bean name 'persistenceManagedTypes' via factory method to bean named 'org.springframework.beans.factory.support.DefaultListableBeanFactory@3df3a9f8'
2024-01-29T14:00:42.662-06:00 DEBUG 31492 --- [           main] o.s.b.f.s.DefaultListableBeanFactory     : Autowiring by type from bean name 'persistenceManagedTypes' via factory method to bean named 'org.springframework.web.context.support.GenericWebApplicationContext@42ab759a'
2024-01-29T14:00:42.681-06:00 DEBUG 31492 --- [           main] o.s.b.f.s.DefaultListableBeanFactory     : Autowiring by type from bean name 'entityManagerFactory' via factory method to bean named 'entityManagerFactoryBuilder'
2024-01-29T14:00:42.681-06:00 DEBUG 31492 --- [           main] o.s.b.f.s.DefaultListableBeanFactory     : Autowiring by type from bean name 'entityManagerFactory' via factory method to bean named 'persistenceManagedTypes'
2024-01-29T14:00:42.686-06:00 DEBUG 31492 --- [           main] j.LocalContainerEntityManagerFactoryBean : Building JPA container EntityManagerFactory for persistence unit 'default'
2024-01-29T14:00:42.686-06:00 DEBUG 31492 --- [           main] o.hibernate.jpa.internal.util.LogHelper  : PersistenceUnitInfo [
	name: default
	persistence provider classname: null
	classloader: jdk.internal.loader.ClassLoaders$AppClassLoader@4b1210ee
	excludeUnlistedClasses: true
	JTA datasource: null
	Non JTA datasource: HikariDataSource (null)
	Transaction type: RESOURCE_LOCAL
	PU root URL: file:/C:/Users/dtera/Documents/Projects/SpringBoot/liftNotes/target/test-classes/
	Shared Cache Mode: UNSPECIFIED
	Validation Mode: AUTO
	Jar files URLs []
	Managed classes names [
		services.liftNotes.config.models.ApplicationUser
		services.liftNotes.config.models.Role
		services.liftNotes.Excercises.models.Exercise
		services.liftNotes.WorkoutExercises.model.WorkoutExercise
		services.liftNotes.Workouts.models.Workout]
	Mapping files names []
	Properties []
2024-01-29T14:00:42.686-06:00 DEBUG 31492 --- [           main] o.h.i.internal.IntegratorServiceImpl     : Adding Integrator [org.hibernate.boot.beanvalidation.BeanValidationIntegrator].
2024-01-29T14:00:42.686-06:00 DEBUG 31492 --- [           main] o.h.i.internal.IntegratorServiceImpl     : Adding Integrator [org.hibernate.cache.internal.CollectionCacheInvalidator].
2024-01-29T14:00:42.694-06:00 DEBUG 31492 --- [           main] org.hibernate.orm.idgen.factory          : Registering IdentifierGenerator strategy [uuid2] -> [org.hibernate.id.UUIDGenerator]
2024-01-29T14:00:42.694-06:00 DEBUG 31492 --- [           main] org.hibernate.orm.idgen.factory          : Registering IdentifierGenerator strategy [guid] -> [org.hibernate.id.GUIDGenerator]
2024-01-29T14:00:42.694-06:00 DEBUG 31492 --- [           main] org.hibernate.orm.idgen.factory          : Registering IdentifierGenerator strategy [uuid] -> [org.hibernate.id.UUIDHexGenerator]
2024-01-29T14:00:42.695-06:00 DEBUG 31492 --- [           main] org.hibernate.orm.idgen.factory          : Registering IdentifierGenerator strategy [uuid.hex] -> [org.hibernate.id.UUIDHexGenerator]
2024-01-29T14:00:42.695-06:00 DEBUG 31492 --- [           main] org.hibernate.orm.idgen.factory          : Registering IdentifierGenerator strategy [assigned] -> [org.hibernate.id.Assigned]
2024-01-29T14:00:42.695-06:00 DEBUG 31492 --- [           main] org.hibernate.orm.idgen.factory          : Registering IdentifierGenerator strategy [identity] -> [org.hibernate.id.IdentityGenerator]
2024-01-29T14:00:42.695-06:00 DEBUG 31492 --- [           main] org.hibernate.orm.idgen.factory          : Registering IdentifierGenerator strategy [select] -> [org.hibernate.id.SelectGenerator]
2024-01-29T14:00:42.695-06:00 DEBUG 31492 --- [           main] org.hibernate.orm.idgen.factory          : Registering IdentifierGenerator strategy [sequence] -> [org.hibernate.id.enhanced.SequenceStyleGenerator]
2024-01-29T14:00:42.695-06:00 DEBUG 31492 --- [           main] org.hibernate.orm.idgen.factory          : Registering IdentifierGenerator strategy [increment] -> [org.hibernate.id.IncrementGenerator]
2024-01-29T14:00:42.695-06:00 DEBUG 31492 --- [           main] org.hibernate.orm.idgen.factory          : Registering IdentifierGenerator strategy [foreign] -> [org.hibernate.id.ForeignGenerator]
2024-01-29T14:00:42.695-06:00 DEBUG 31492 --- [           main] org.hibernate.orm.idgen.factory          : Registering IdentifierGenerator strategy [enhanced-sequence] -> [org.hibernate.id.enhanced.SequenceStyleGenerator]
2024-01-29T14:00:42.695-06:00 DEBUG 31492 --- [           main] org.hibernate.orm.idgen.factory          : Registering IdentifierGenerator strategy [enhanced-table] -> [org.hibernate.id.enhanced.TableGenerator]
2024-01-29T14:00:42.697-06:00 DEBUG 31492 --- [           main] o.h.c.internal.RegionFactoryInitiator    : Cannot default RegionFactory based on registered strategies as `[]` RegionFactory strategies were registered
2024-01-29T14:00:42.697-06:00 DEBUG 31492 --- [           main] o.h.c.internal.RegionFactoryInitiator    : Cache region factory : org.hibernate.cache.internal.NoCachingRegionFactory
2024-01-29T14:00:42.698-06:00 DEBUG 31492 --- [           main] org.hibernate.type.BasicTypeRegistry     : Adding type registration boolean -> org.hibernate.type.BasicTypeReference@5581e273
2024-01-29T14:00:42.698-06:00 DEBUG 31492 --- [           main] org.hibernate.type.BasicTypeRegistry     : Adding type registration boolean -> org.hibernate.type.BasicTypeReference@5581e273
2024-01-29T14:00:42.699-06:00 DEBUG 31492 --- [           main] org.hibernate.type.BasicTypeRegistry     : Adding type registration java.lang.Boolean -> org.hibernate.type.BasicTypeReference@5581e273
2024-01-29T14:00:42.699-06:00 DEBUG 31492 --- [           main] org.hibernate.type.BasicTypeRegistry     : Adding type registration numeric_boolean -> org.hibernate.type.BasicTypeReference@475c2f47
2024-01-29T14:00:42.699-06:00 DEBUG 31492 --- [           main] org.hibernate.type.BasicTypeRegistry     : Adding type registration org.hibernate.type.NumericBooleanConverter -> org.hibernate.type.BasicTypeReference@475c2f47
2024-01-29T14:00:42.699-06:00 DEBUG 31492 --- [           main] org.hibernate.type.BasicTypeRegistry     : Adding type registration true_false -> org.hibernate.type.BasicTypeReference@10806dbe
2024-01-29T14:00:42.699-06:00 DEBUG 31492 --- [           main] org.hibernate.type.BasicTypeRegistry     : Adding type registration org.hibernate.type.TrueFalseConverter -> org.hibernate.type.BasicTypeReference@10806dbe
2024-01-29T14:00:42.699-06:00 DEBUG 31492 --- [           main] org.hibernate.type.BasicTypeRegistry     : Adding type registration yes_no -> org.hibernate.type.BasicTypeReference@4c5d1649
2024-01-29T14:00:42.699-06:00 DEBUG 31492 --- [           main] org.hibernate.type.BasicTypeRegistry     : Adding type registration org.hibernate.type.YesNoConverter -> org.hibernate.type.BasicTypeReference@4c5d1649
2024-01-29T14:00:42.699-06:00 DEBUG 31492 --- [           main] org.hibernate.type.BasicTypeRegistry     : Adding type registration byte -> org.hibernate.type.BasicTypeReference@1695f7cb
2024-01-29T14:00:42.699-06:00 DEBUG 31492 --- [           main] org.hibernate.type.BasicTypeRegistry     : Adding type registration byte -> org.hibernate.type.BasicTypeReference@1695f7cb
2024-01-29T14:00:42.699-06:00 DEBUG 31492 --- [           main] org.hibernate.type.BasicTypeRegistry     : Adding type registration java.lang.Byte -> org.hibernate.type.BasicTypeReference@1695f7cb
2024-01-29T14:00:42.699-06:00 DEBUG 31492 --- [           main] org.hibernate.type.BasicTypeRegistry     : Adding type registration binary -> org.hibernate.type.BasicTypeReference@3095c449
2024-01-29T14:00:42.699-06:00 DEBUG 31492 --- [           main] org.hibernate.type.BasicTypeRegistry     : Adding type registration byte[] -> org.hibernate.type.BasicTypeReference@3095c449
2024-01-29T14:00:42.699-06:00 DEBUG 31492 --- [           main] org.hibernate.type.BasicTypeRegistry     : Adding type registration [B -> org.hibernate.type.BasicTypeReference@3095c449
2024-01-29T14:00:42.700-06:00 DEBUG 31492 --- [           main] org.hibernate.type.BasicTypeRegistry     : Adding type registration binary_wrapper -> org.hibernate.type.BasicTypeReference@236bb278
2024-01-29T14:00:42.700-06:00 DEBUG 31492 --- [           main] org.hibernate.type.BasicTypeRegistry     : Adding type registration wrapper-binary -> org.hibernate.type.BasicTypeReference@236bb278
2024-01-29T14:00:42.700-06:00 DEBUG 31492 --- [           main] org.hibernate.type.BasicTypeRegistry     : Adding type registration image -> org.hibernate.type.BasicTypeReference@7200702
2024-01-29T14:00:42.700-06:00 DEBUG 31492 --- [           main] org.hibernate.type.BasicTypeRegistry     : Adding type registration blob -> org.hibernate.type.BasicTypeReference@3eb29382
2024-01-29T14:00:42.700-06:00 DEBUG 31492 --- [           main] org.hibernate.type.BasicTypeRegistry     : Adding type registration java.sql.Blob -> org.hibernate.type.BasicTypeReference@3eb29382
2024-01-29T14:00:42.700-06:00 DEBUG 31492 --- [           main] org.hibernate.type.BasicTypeRegistry     : Adding type registration materialized_blob -> org.hibernate.type.BasicTypeReference@209baf91
2024-01-29T14:00:42.700-06:00 DEBUG 31492 --- [           main] org.hibernate.type.BasicTypeRegistry     : Adding type registration materialized_blob_wrapper -> org.hibernate.type.BasicTypeReference@5e1d3188
2024-01-29T14:00:42.700-06:00 DEBUG 31492 --- [           main] org.hibernate.type.BasicTypeRegistry     : Adding type registration short -> org.hibernate.type.BasicTypeReference@5982255e
2024-01-29T14:00:42.700-06:00 DEBUG 31492 --- [           main] org.hibernate.type.BasicTypeRegistry     : Adding type registration short -> org.hibernate.type.BasicTypeReference@5982255e
2024-01-29T14:00:42.700-06:00 DEBUG 31492 --- [           main] org.hibernate.type.BasicTypeRegistry     : Adding type registration java.lang.Short -> org.hibernate.type.BasicTypeReference@5982255e
2024-01-29T14:00:42.701-06:00 DEBUG 31492 --- [           main] org.hibernate.type.BasicTypeRegistry     : Adding type registration integer -> org.hibernate.type.BasicTypeReference@7306836f
2024-01-29T14:00:42.701-06:00 DEBUG 31492 --- [           main] org.hibernate.type.BasicTypeRegistry     : Adding type registration int -> org.hibernate.type.BasicTypeReference@7306836f
2024-01-29T14:00:42.701-06:00 DEBUG 31492 --- [           main] org.hibernate.type.BasicTypeRegistry     : Adding type registration java.lang.Integer -> org.hibernate.type.BasicTypeReference@7306836f
2024-01-29T14:00:42.701-06:00 DEBUG 31492 --- [           main] org.hibernate.type.BasicTypeRegistry     : Adding type registration long -> org.hibernate.type.BasicTypeReference@e9c5db9
2024-01-29T14:00:42.701-06:00 DEBUG 31492 --- [           main] org.hibernate.type.BasicTypeRegistry     : Adding type registration long -> org.hibernate.type.BasicTypeReference@e9c5db9
2024-01-29T14:00:42.701-06:00 DEBUG 31492 --- [           main] org.hibernate.type.BasicTypeRegistry     : Adding type registration java.lang.Long -> org.hibernate.type.BasicTypeReference@e9c5db9
2024-01-29T14:00:42.701-06:00 DEBUG 31492 --- [           main] org.hibernate.type.BasicTypeRegistry     : Adding type registration float -> org.hibernate.type.BasicTypeReference@393aac93
2024-01-29T14:00:42.701-06:00 DEBUG 31492 --- [           main] org.hibernate.type.BasicTypeRegistry     : Adding type registration float -> org.hibernate.type.BasicTypeReference@393aac93
2024-01-29T14:00:42.701-06:00 DEBUG 31492 --- [           main] org.hibernate.type.BasicTypeRegistry     : Adding type registration java.lang.Float -> org.hibernate.type.BasicTypeReference@393aac93
2024-01-29T14:00:42.701-06:00 DEBUG 31492 --- [           main] org.hibernate.type.BasicTypeRegistry     : Adding type registration double -> org.hibernate.type.BasicTypeReference@71dac63f
2024-01-29T14:00:42.701-06:00 DEBUG 31492 --- [           main] org.hibernate.type.BasicTypeRegistry     : Adding type registration double -> org.hibernate.type.BasicTypeReference@71dac63f
2024-01-29T14:00:42.701-06:00 DEBUG 31492 --- [           main] org.hibernate.type.BasicTypeRegistry     : Adding type registration java.lang.Double -> org.hibernate.type.BasicTypeReference@71dac63f
2024-01-29T14:00:42.701-06:00 DEBUG 31492 --- [           main] org.hibernate.type.BasicTypeRegistry     : Adding type registration big_integer -> org.hibernate.type.BasicTypeReference@36003e90
2024-01-29T14:00:42.701-06:00 DEBUG 31492 --- [           main] org.hibernate.type.BasicTypeRegistry     : Adding type registration java.math.BigInteger -> org.hibernate.type.BasicTypeReference@36003e90
2024-01-29T14:00:42.701-06:00 DEBUG 31492 --- [           main] org.hibernate.type.BasicTypeRegistry     : Adding type registration big_decimal -> org.hibernate.type.BasicTypeReference@5a1ddc7c
2024-01-29T14:00:42.702-06:00 DEBUG 31492 --- [           main] org.hibernate.type.BasicTypeRegistry     : Adding type registration java.math.BigDecimal -> org.hibernate.type.BasicTypeReference@5a1ddc7c
2024-01-29T14:00:42.702-06:00 DEBUG 31492 --- [           main] org.hibernate.type.BasicTypeRegistry     : Adding type registration character -> org.hibernate.type.BasicTypeReference@362fbd98
2024-01-29T14:00:42.702-06:00 DEBUG 31492 --- [           main] org.hibernate.type.BasicTypeRegistry     : Adding type registration char -> org.hibernate.type.BasicTypeReference@362fbd98
2024-01-29T14:00:42.702-06:00 DEBUG 31492 --- [           main] org.hibernate.type.BasicTypeRegistry     : Adding type registration java.lang.Character -> org.hibernate.type.BasicTypeReference@362fbd98
2024-01-29T14:00:42.702-06:00 DEBUG 31492 --- [           main] org.hibernate.type.BasicTypeRegistry     : Adding type registration character_nchar -> org.hibernate.type.BasicTypeReference@11e36e5c
2024-01-29T14:00:42.702-06:00 DEBUG 31492 --- [           main] org.hibernate.type.BasicTypeRegistry     : Adding type registration string -> org.hibernate.type.BasicTypeReference@2620264e
2024-01-29T14:00:42.702-06:00 DEBUG 31492 --- [           main] org.hibernate.type.BasicTypeRegistry     : Adding type registration java.lang.String -> org.hibernate.type.BasicTypeReference@2620264e
2024-01-29T14:00:42.702-06:00 DEBUG 31492 --- [           main] org.hibernate.type.BasicTypeRegistry     : Adding type registration nstring -> org.hibernate.type.BasicTypeReference@126ae0ca
2024-01-29T14:00:42.702-06:00 DEBUG 31492 --- [           main] org.hibernate.type.BasicTypeRegistry     : Adding type registration characters -> org.hibernate.type.BasicTypeReference@59e24c62
2024-01-29T14:00:42.702-06:00 DEBUG 31492 --- [           main] org.hibernate.type.BasicTypeRegistry     : Adding type registration char[] -> org.hibernate.type.BasicTypeReference@59e24c62
2024-01-29T14:00:42.702-06:00 DEBUG 31492 --- [           main] org.hibernate.type.BasicTypeRegistry     : Adding type registration [C -> org.hibernate.type.BasicTypeReference@59e24c62
2024-01-29T14:00:42.702-06:00 DEBUG 31492 --- [           main] org.hibernate.type.BasicTypeRegistry     : Adding type registration wrapper-characters -> org.hibernate.type.BasicTypeReference@5379488c
2024-01-29T14:00:42.703-06:00 DEBUG 31492 --- [           main] org.hibernate.type.BasicTypeRegistry     : Adding type registration text -> org.hibernate.type.BasicTypeReference@744c16fb
2024-01-29T14:00:42.703-06:00 DEBUG 31492 --- [           main] org.hibernate.type.BasicTypeRegistry     : Adding type registration ntext -> org.hibernate.type.BasicTypeReference@31e5d408
2024-01-29T14:00:42.703-06:00 DEBUG 31492 --- [           main] org.hibernate.type.BasicTypeRegistry     : Adding type registration clob -> org.hibernate.type.BasicTypeReference@7aaf0f0a
2024-01-29T14:00:42.703-06:00 DEBUG 31492 --- [           main] org.hibernate.type.BasicTypeRegistry     : Adding type registration java.sql.Clob -> org.hibernate.type.BasicTypeReference@7aaf0f0a
2024-01-29T14:00:42.703-06:00 DEBUG 31492 --- [           main] org.hibernate.type.BasicTypeRegistry     : Adding type registration nclob -> org.hibernate.type.BasicTypeReference@638b05fb
2024-01-29T14:00:42.703-06:00 DEBUG 31492 --- [           main] org.hibernate.type.BasicTypeRegistry     : Adding type registration java.sql.NClob -> org.hibernate.type.BasicTypeReference@638b05fb
2024-01-29T14:00:42.703-06:00 DEBUG 31492 --- [           main] org.hibernate.type.BasicTypeRegistry     : Adding type registration materialized_clob -> org.hibernate.type.BasicTypeReference@77e42cbf
2024-01-29T14:00:42.703-06:00 DEBUG 31492 --- [           main] org.hibernate.type.BasicTypeRegistry     : Adding type registration materialized_clob_char_array -> org.hibernate.type.BasicTypeReference@68bef3df
2024-01-29T14:00:42.703-06:00 DEBUG 31492 --- [           main] org.hibernate.type.BasicTypeRegistry     : Adding type registration materialized_clob_character_array -> org.hibernate.type.BasicTypeReference@6aeb769d
2024-01-29T14:00:42.703-06:00 DEBUG 31492 --- [           main] org.hibernate.type.BasicTypeRegistry     : Adding type registration materialized_nclob -> org.hibernate.type.BasicTypeReference@51f412e6
2024-01-29T14:00:42.703-06:00 DEBUG 31492 --- [           main] org.hibernate.type.BasicTypeRegistry     : Adding type registration materialized_nclob_character_array -> org.hibernate.type.BasicTypeReference@7234db3
2024-01-29T14:00:42.703-06:00 DEBUG 31492 --- [           main] org.hibernate.type.BasicTypeRegistry     : Adding type registration materialized_nclob_char_array -> org.hibernate.type.BasicTypeReference@189c6683
2024-01-29T14:00:42.703-06:00 DEBUG 31492 --- [           main] org.hibernate.type.BasicTypeRegistry     : Adding type registration Duration -> org.hibernate.type.BasicTypeReference@2972b493
2024-01-29T14:00:42.703-06:00 DEBUG 31492 --- [           main] org.hibernate.type.BasicTypeRegistry     : Adding type registration java.time.Duration -> org.hibernate.type.BasicTypeReference@2972b493
2024-01-29T14:00:42.703-06:00 DEBUG 31492 --- [           main] org.hibernate.type.BasicTypeRegistry     : Adding type registration LocalDateTime -> org.hibernate.type.BasicTypeReference@58e0f079
2024-01-29T14:00:42.704-06:00 DEBUG 31492 --- [           main] org.hibernate.type.BasicTypeRegistry     : Adding type registration java.time.LocalDateTime -> org.hibernate.type.BasicTypeReference@58e0f079
2024-01-29T14:00:42.704-06:00 DEBUG 31492 --- [           main] org.hibernate.type.BasicTypeRegistry     : Adding type registration LocalDate -> org.hibernate.type.BasicTypeReference@45b37003
2024-01-29T14:00:42.704-06:00 DEBUG 31492 --- [           main] org.hibernate.type.BasicTypeRegistry     : Adding type registration java.time.LocalDate -> org.hibernate.type.BasicTypeReference@45b37003
2024-01-29T14:00:42.704-06:00 DEBUG 31492 --- [           main] org.hibernate.type.BasicTypeRegistry     : Adding type registration LocalTime -> org.hibernate.type.BasicTypeReference@3e60be48
2024-01-29T14:00:42.704-06:00 DEBUG 31492 --- [           main] org.hibernate.type.BasicTypeRegistry     : Adding type registration java.time.LocalTime -> org.hibernate.type.BasicTypeReference@3e60be48
2024-01-29T14:00:42.704-06:00 DEBUG 31492 --- [           main] org.hibernate.type.BasicTypeRegistry     : Adding type registration OffsetDateTime -> org.hibernate.type.BasicTypeReference@20a533b
2024-01-29T14:00:42.704-06:00 DEBUG 31492 --- [           main] org.hibernate.type.BasicTypeRegistry     : Adding type registration java.time.OffsetDateTime -> org.hibernate.type.BasicTypeReference@20a533b
2024-01-29T14:00:42.704-06:00 DEBUG 31492 --- [           main] org.hibernate.type.BasicTypeRegistry     : Adding type registration OffsetDateTimeWithTimezone -> org.hibernate.type.BasicTypeReference@5db6083b
2024-01-29T14:00:42.704-06:00 DEBUG 31492 --- [           main] org.hibernate.type.BasicTypeRegistry     : Adding type registration OffsetDateTimeWithoutTimezone -> org.hibernate.type.BasicTypeReference@3db48e6
2024-01-29T14:00:42.704-06:00 DEBUG 31492 --- [           main] org.hibernate.type.BasicTypeRegistry     : Adding type registration OffsetTime -> org.hibernate.type.BasicTypeReference@38f2342b
2024-01-29T14:00:42.704-06:00 DEBUG 31492 --- [           main] org.hibernate.type.BasicTypeRegistry     : Adding type registration java.time.OffsetTime -> org.hibernate.type.BasicTypeReference@38f2342b
2024-01-29T14:00:42.705-06:00 DEBUG 31492 --- [           main] org.hibernate.type.BasicTypeRegistry     : Adding type registration OffsetTimeUtc -> org.hibernate.type.BasicTypeReference@68312b85
2024-01-29T14:00:42.705-06:00 DEBUG 31492 --- [           main] org.hibernate.type.BasicTypeRegistry     : Adding type registration OffsetTimeWithTimezone -> org.hibernate.type.BasicTypeReference@5ab0168
2024-01-29T14:00:42.705-06:00 DEBUG 31492 --- [           main] org.hibernate.type.BasicTypeRegistry     : Adding type registration OffsetTimeWithoutTimezone -> org.hibernate.type.BasicTypeReference@5c6ee543
2024-01-29T14:00:42.705-06:00 DEBUG 31492 --- [           main] org.hibernate.type.BasicTypeRegistry     : Adding type registration ZonedDateTime -> org.hibernate.type.BasicTypeReference@7594d189
2024-01-29T14:00:42.705-06:00 DEBUG 31492 --- [           main] org.hibernate.type.BasicTypeRegistry     : Adding type registration java.time.ZonedDateTime -> org.hibernate.type.BasicTypeReference@7594d189
2024-01-29T14:00:42.705-06:00 DEBUG 31492 --- [           main] org.hibernate.type.BasicTypeRegistry     : Adding type registration ZonedDateTimeWithTimezone -> org.hibernate.type.BasicTypeReference@1418a1bd
2024-01-29T14:00:42.705-06:00 DEBUG 31492 --- [           main] org.hibernate.type.BasicTypeRegistry     : Adding type registration ZonedDateTimeWithoutTimezone -> org.hibernate.type.BasicTypeReference@49e54217
2024-01-29T14:00:42.705-06:00 DEBUG 31492 --- [           main] org.hibernate.type.BasicTypeRegistry     : Adding type registration date -> org.hibernate.type.BasicTypeReference@628af295
2024-01-29T14:00:42.705-06:00 DEBUG 31492 --- [           main] org.hibernate.type.BasicTypeRegistry     : Adding type registration java.sql.Date -> org.hibernate.type.BasicTypeReference@628af295
2024-01-29T14:00:42.705-06:00 DEBUG 31492 --- [           main] org.hibernate.type.BasicTypeRegistry     : Adding type registration time -> org.hibernate.type.BasicTypeReference@31c17fd4
2024-01-29T14:00:42.705-06:00 DEBUG 31492 --- [           main] org.hibernate.type.BasicTypeRegistry     : Adding type registration java.sql.Time -> org.hibernate.type.BasicTypeReference@31c17fd4
2024-01-29T14:00:42.705-06:00 DEBUG 31492 --- [           main] org.hibernate.type.BasicTypeRegistry     : Adding type registration timestamp -> org.hibernate.type.BasicTypeReference@60052518
2024-01-29T14:00:42.706-06:00 DEBUG 31492 --- [           main] org.hibernate.type.BasicTypeRegistry     : Adding type registration java.sql.Timestamp -> org.hibernate.type.BasicTypeReference@60052518
2024-01-29T14:00:42.706-06:00 DEBUG 31492 --- [           main] org.hibernate.type.BasicTypeRegistry     : Adding type registration java.util.Date -> org.hibernate.type.BasicTypeReference@60052518
2024-01-29T14:00:42.706-06:00 DEBUG 31492 --- [           main] org.hibernate.type.BasicTypeRegistry     : Adding type registration calendar -> org.hibernate.type.BasicTypeReference@39336f5
2024-01-29T14:00:42.706-06:00 DEBUG 31492 --- [           main] org.hibernate.type.BasicTypeRegistry     : Adding type registration java.util.Calendar -> org.hibernate.type.BasicTypeReference@39336f5
2024-01-29T14:00:42.706-06:00 DEBUG 31492 --- [           main] org.hibernate.type.BasicTypeRegistry     : Adding type registration java.util.GregorianCalendar -> org.hibernate.type.BasicTypeReference@39336f5
2024-01-29T14:00:42.706-06:00 DEBUG 31492 --- [           main] org.hibernate.type.BasicTypeRegistry     : Adding type registration calendar_date -> org.hibernate.type.BasicTypeReference@36b86248
2024-01-29T14:00:42.706-06:00 DEBUG 31492 --- [           main] org.hibernate.type.BasicTypeRegistry     : Adding type registration calendar_time -> org.hibernate.type.BasicTypeReference@cbd9494
2024-01-29T14:00:42.706-06:00 DEBUG 31492 --- [           main] org.hibernate.type.BasicTypeRegistry     : Adding type registration instant -> org.hibernate.type.BasicTypeReference@45594dfe
2024-01-29T14:00:42.706-06:00 DEBUG 31492 --- [           main] org.hibernate.type.BasicTypeRegistry     : Adding type registration java.time.Instant -> org.hibernate.type.BasicTypeReference@45594dfe
2024-01-29T14:00:42.706-06:00 DEBUG 31492 --- [           main] org.hibernate.type.BasicTypeRegistry     : Adding type registration uuid -> org.hibernate.type.BasicTypeReference@5f67ff3e
2024-01-29T14:00:42.706-06:00 DEBUG 31492 --- [           main] org.hibernate.type.BasicTypeRegistry     : Adding type registration java.util.UUID -> org.hibernate.type.BasicTypeReference@5f67ff3e
2024-01-29T14:00:42.706-06:00 DEBUG 31492 --- [           main] org.hibernate.type.BasicTypeRegistry     : Adding type registration pg-uuid -> org.hibernate.type.BasicTypeReference@5f67ff3e
2024-01-29T14:00:42.706-06:00 DEBUG 31492 --- [           main] org.hibernate.type.BasicTypeRegistry     : Adding type registration uuid-binary -> org.hibernate.type.BasicTypeReference@2ab87cb8
2024-01-29T14:00:42.706-06:00 DEBUG 31492 --- [           main] org.hibernate.type.BasicTypeRegistry     : Adding type registration uuid-char -> org.hibernate.type.BasicTypeReference@4ac1544f
2024-01-29T14:00:42.706-06:00 DEBUG 31492 --- [           main] org.hibernate.type.BasicTypeRegistry     : Adding type registration class -> org.hibernate.type.BasicTypeReference@4578d654
2024-01-29T14:00:42.706-06:00 DEBUG 31492 --- [           main] org.hibernate.type.BasicTypeRegistry     : Adding type registration java.lang.Class -> org.hibernate.type.BasicTypeReference@4578d654
2024-01-29T14:00:42.707-06:00 DEBUG 31492 --- [           main] org.hibernate.type.BasicTypeRegistry     : Adding type registration currency -> org.hibernate.type.BasicTypeReference@25865fca
2024-01-29T14:00:42.707-06:00 DEBUG 31492 --- [           main] org.hibernate.type.BasicTypeRegistry     : Adding type registration Currency -> org.hibernate.type.BasicTypeReference@25865fca
2024-01-29T14:00:42.707-06:00 DEBUG 31492 --- [           main] org.hibernate.type.BasicTypeRegistry     : Adding type registration java.util.Currency -> org.hibernate.type.BasicTypeReference@25865fca
2024-01-29T14:00:42.707-06:00 DEBUG 31492 --- [           main] org.hibernate.type.BasicTypeRegistry     : Adding type registration locale -> org.hibernate.type.BasicTypeReference@c11ec9b
2024-01-29T14:00:42.707-06:00 DEBUG 31492 --- [           main] org.hibernate.type.BasicTypeRegistry     : Adding type registration java.util.Locale -> org.hibernate.type.BasicTypeReference@c11ec9b
2024-01-29T14:00:42.707-06:00 DEBUG 31492 --- [           main] org.hibernate.type.BasicTypeRegistry     : Adding type registration serializable -> org.hibernate.type.BasicTypeReference@fd8513b
2024-01-29T14:00:42.707-06:00 DEBUG 31492 --- [           main] org.hibernate.type.BasicTypeRegistry     : Adding type registration java.io.Serializable -> org.hibernate.type.BasicTypeReference@fd8513b
2024-01-29T14:00:42.707-06:00 DEBUG 31492 --- [           main] org.hibernate.type.BasicTypeRegistry     : Adding type registration timezone -> org.hibernate.type.BasicTypeReference@18372705
2024-01-29T14:00:42.707-06:00 DEBUG 31492 --- [           main] org.hibernate.type.BasicTypeRegistry     : Adding type registration java.util.TimeZone -> org.hibernate.type.BasicTypeReference@18372705
2024-01-29T14:00:42.707-06:00 DEBUG 31492 --- [           main] org.hibernate.type.BasicTypeRegistry     : Adding type registration ZoneOffset -> org.hibernate.type.BasicTypeReference@418f0f27
2024-01-29T14:00:42.707-06:00 DEBUG 31492 --- [           main] org.hibernate.type.BasicTypeRegistry     : Adding type registration java.time.ZoneOffset -> org.hibernate.type.BasicTypeReference@418f0f27
2024-01-29T14:00:42.707-06:00 DEBUG 31492 --- [           main] org.hibernate.type.BasicTypeRegistry     : Adding type registration url -> org.hibernate.type.BasicTypeReference@427946b9
2024-01-29T14:00:42.707-06:00 DEBUG 31492 --- [           main] org.hibernate.type.BasicTypeRegistry     : Adding type registration java.net.URL -> org.hibernate.type.BasicTypeReference@427946b9
2024-01-29T14:00:42.707-06:00 DEBUG 31492 --- [           main] org.hibernate.type.BasicTypeRegistry     : Adding type registration row_version -> org.hibernate.type.BasicTypeReference@fe58644
2024-01-29T14:00:42.707-06:00 DEBUG 31492 --- [           main] org.hibernate.type.BasicTypeRegistry     : Adding type registration object -> org.hibernate.type.JavaObjectType@403ba39f
2024-01-29T14:00:42.707-06:00 DEBUG 31492 --- [           main] org.hibernate.type.BasicTypeRegistry     : Adding type registration java.lang.Object -> org.hibernate.type.JavaObjectType@403ba39f
2024-01-29T14:00:42.707-06:00 DEBUG 31492 --- [           main] org.hibernate.type.BasicTypeRegistry     : Adding type registration null -> org.hibernate.type.NullType@7ca0aa55
2024-01-29T14:00:42.708-06:00 DEBUG 31492 --- [           main] org.hibernate.type.BasicTypeRegistry     : Adding type registration imm_date -> org.hibernate.type.BasicTypeReference@36d54cfb
2024-01-29T14:00:42.708-06:00 DEBUG 31492 --- [           main] org.hibernate.type.BasicTypeRegistry     : Adding type registration imm_time -> org.hibernate.type.BasicTypeReference@292a4680
2024-01-29T14:00:42.708-06:00 DEBUG 31492 --- [           main] org.hibernate.type.BasicTypeRegistry     : Adding type registration imm_timestamp -> org.hibernate.type.BasicTypeReference@4782905e
2024-01-29T14:00:42.708-06:00 DEBUG 31492 --- [           main] org.hibernate.type.BasicTypeRegistry     : Adding type registration imm_calendar -> org.hibernate.type.BasicTypeReference@2f7b6f06
2024-01-29T14:00:42.708-06:00 DEBUG 31492 --- [           main] org.hibernate.type.BasicTypeRegistry     : Adding type registration imm_calendar_date -> org.hibernate.type.BasicTypeReference@33d55c86
2024-01-29T14:00:42.708-06:00 DEBUG 31492 --- [           main] org.hibernate.type.BasicTypeRegistry     : Adding type registration imm_calendar_time -> org.hibernate.type.BasicTypeReference@48b0123a
2024-01-29T14:00:42.708-06:00 DEBUG 31492 --- [           main] org.hibernate.type.BasicTypeRegistry     : Adding type registration imm_binary -> org.hibernate.type.BasicTypeReference@1be36b12
2024-01-29T14:00:42.708-06:00 DEBUG 31492 --- [           main] org.hibernate.type.BasicTypeRegistry     : Adding type registration imm_serializable -> org.hibernate.type.BasicTypeReference@6f942437
2024-01-29T14:00:42.711-06:00 DEBUG 31492 --- [           main] o.h.boot.internal.BootstrapContextImpl   : Injecting JPA temp ClassLoader [org.springframework.instrument.classloading.SimpleThrowawayClassLoader@3ed59900] into BootstrapContext; was [null]
2024-01-29T14:00:42.711-06:00 DEBUG 31492 --- [           main] o.h.boot.internal.ClassLoaderAccessImpl  : ClassLoaderAccessImpl#injectTempClassLoader(org.springframework.instrument.classloading.SimpleThrowawayClassLoader@3ed59900) [was null]
2024-01-29T14:00:42.711-06:00 DEBUG 31492 --- [           main] o.h.boot.internal.BootstrapContextImpl   : Injecting ScanEnvironment [org.hibernate.jpa.boot.internal.StandardJpaScanEnvironmentImpl@3eeece33] into BootstrapContext; was [null]
2024-01-29T14:00:42.711-06:00 DEBUG 31492 --- [           main] o.h.boot.internal.BootstrapContextImpl   : Injecting ScanOptions [org.hibernate.boot.archive.scan.internal.StandardScanOptions@7015e045] into BootstrapContext; was [org.hibernate.boot.archive.scan.internal.StandardScanOptions@659d6f74]
2024-01-29T14:00:42.715-06:00  INFO 31492 --- [           main] o.h.b.i.BytecodeProviderInitiator        : HHH000021: Bytecode provider name : bytebuddy
2024-01-29T14:00:42.716-06:00  INFO 31492 --- [           main] o.s.o.j.p.SpringPersistenceUnitInfo      : No LoadTimeWeaver setup: ignoring JPA class transformer
2024-01-29T14:00:42.716-06:00 DEBUG 31492 --- [           main] o.h.boot.internal.BootstrapContextImpl   : Injecting JPA temp ClassLoader [null] into BootstrapContext; was [org.springframework.instrument.classloading.SimpleThrowawayClassLoader@3ed59900]
2024-01-29T14:00:42.716-06:00 DEBUG 31492 --- [           main] o.h.boot.internal.ClassLoaderAccessImpl  : ClassLoaderAccessImpl#injectTempClassLoader(null) [was org.springframework.instrument.classloading.SimpleThrowawayClassLoader@3ed59900]
2024-01-29T14:00:42.719-06:00 DEBUG 31492 --- [           main] com.zaxxer.hikari.HikariConfig           : HikariPool-2 - configuration:
2024-01-29T14:00:42.721-06:00 DEBUG 31492 --- [           main] com.zaxxer.hikari.HikariConfig           : allowPoolSuspension.............false
2024-01-29T14:00:42.722-06:00 DEBUG 31492 --- [           main] com.zaxxer.hikari.HikariConfig           : autoCommit......................true
2024-01-29T14:00:42.722-06:00 DEBUG 31492 --- [           main] com.zaxxer.hikari.HikariConfig           : catalog.........................none
2024-01-29T14:00:42.722-06:00 DEBUG 31492 --- [           main] com.zaxxer.hikari.HikariConfig           : connectionInitSql...............none
2024-01-29T14:00:42.722-06:00 DEBUG 31492 --- [           main] com.zaxxer.hikari.HikariConfig           : connectionTestQuery.............none
2024-01-29T14:00:42.723-06:00 DEBUG 31492 --- [           main] com.zaxxer.hikari.HikariConfig           : connectionTimeout...............30000
2024-01-29T14:00:42.723-06:00 DEBUG 31492 --- [           main] com.zaxxer.hikari.HikariConfig           : dataSource......................none
2024-01-29T14:00:42.723-06:00 DEBUG 31492 --- [           main] com.zaxxer.hikari.HikariConfig           : dataSourceClassName.............none
2024-01-29T14:00:42.723-06:00 DEBUG 31492 --- [           main] com.zaxxer.hikari.HikariConfig           : dataSourceJNDI..................none
2024-01-29T14:00:42.723-06:00 DEBUG 31492 --- [           main] com.zaxxer.hikari.HikariConfig           : dataSourceProperties............{password=<masked>}
2024-01-29T14:00:42.724-06:00 DEBUG 31492 --- [           main] com.zaxxer.hikari.HikariConfig           : driverClassName................."com.mysql.cj.jdbc.Driver"
2024-01-29T14:00:42.724-06:00 DEBUG 31492 --- [           main] com.zaxxer.hikari.HikariConfig           : exceptionOverrideClassName......none
2024-01-29T14:00:42.724-06:00 DEBUG 31492 --- [           main] com.zaxxer.hikari.HikariConfig           : healthCheckProperties...........{}
2024-01-29T14:00:42.724-06:00 DEBUG 31492 --- [           main] com.zaxxer.hikari.HikariConfig           : healthCheckRegistry.............none
2024-01-29T14:00:42.725-06:00 DEBUG 31492 --- [           main] com.zaxxer.hikari.HikariConfig           : idleTimeout.....................600000
2024-01-29T14:00:42.725-06:00 DEBUG 31492 --- [           main] com.zaxxer.hikari.HikariConfig           : initializationFailTimeout.......1
2024-01-29T14:00:42.725-06:00 DEBUG 31492 --- [           main] com.zaxxer.hikari.HikariConfig           : isolateInternalQueries..........false
2024-01-29T14:00:42.726-06:00 DEBUG 31492 --- [           main] com.zaxxer.hikari.HikariConfig           : jdbcUrl.........................jdbc:mysql://localhost:3306/workouts
2024-01-29T14:00:42.726-06:00 DEBUG 31492 --- [           main] com.zaxxer.hikari.HikariConfig           : keepaliveTime...................0
2024-01-29T14:00:42.726-06:00 DEBUG 31492 --- [           main] com.zaxxer.hikari.HikariConfig           : leakDetectionThreshold..........0
2024-01-29T14:00:42.726-06:00 DEBUG 31492 --- [           main] com.zaxxer.hikari.HikariConfig           : maxLifetime.....................1800000
2024-01-29T14:00:42.727-06:00 DEBUG 31492 --- [           main] com.zaxxer.hikari.HikariConfig           : maximumPoolSize.................10
2024-01-29T14:00:42.727-06:00 DEBUG 31492 --- [           main] com.zaxxer.hikari.HikariConfig           : metricRegistry..................none
2024-01-29T14:00:42.727-06:00 DEBUG 31492 --- [           main] com.zaxxer.hikari.HikariConfig           : metricsTrackerFactory...........none
2024-01-29T14:00:42.727-06:00 DEBUG 31492 --- [           main] com.zaxxer.hikari.HikariConfig           : minimumIdle.....................10
2024-01-29T14:00:42.728-06:00 DEBUG 31492 --- [           main] com.zaxxer.hikari.HikariConfig           : password........................<masked>
2024-01-29T14:00:42.728-06:00 DEBUG 31492 --- [           main] com.zaxxer.hikari.HikariConfig           : poolName........................"HikariPool-2"
2024-01-29T14:00:42.728-06:00 DEBUG 31492 --- [           main] com.zaxxer.hikari.HikariConfig           : readOnly........................false
2024-01-29T14:00:42.728-06:00 DEBUG 31492 --- [           main] com.zaxxer.hikari.HikariConfig           : registerMbeans..................false
2024-01-29T14:00:42.729-06:00 DEBUG 31492 --- [           main] com.zaxxer.hikari.HikariConfig           : scheduledExecutor...............none
2024-01-29T14:00:42.729-06:00 DEBUG 31492 --- [           main] com.zaxxer.hikari.HikariConfig           : schema..........................none
2024-01-29T14:00:42.729-06:00 DEBUG 31492 --- [           main] com.zaxxer.hikari.HikariConfig           : threadFactory...................internal
2024-01-29T14:00:42.729-06:00 DEBUG 31492 --- [           main] com.zaxxer.hikari.HikariConfig           : transactionIsolation............default
2024-01-29T14:00:42.730-06:00 DEBUG 31492 --- [           main] com.zaxxer.hikari.HikariConfig           : username........................"root"
2024-01-29T14:00:42.730-06:00 DEBUG 31492 --- [           main] com.zaxxer.hikari.HikariConfig           : validationTimeout...............5000
2024-01-29T14:00:42.730-06:00  INFO 31492 --- [           main] com.zaxxer.hikari.HikariDataSource       : HikariPool-2 - Starting...
2024-01-29T14:00:42.802-06:00 DEBUG 31492 --- [           main] jdk.event.security                       :  TLSHandshake: localhost:3306, TLSv1.3, TLS_AES_256_GCM_SHA384, -2132103835
2024-01-29T14:00:42.809-06:00  INFO 31492 --- [           main] com.zaxxer.hikari.pool.HikariPool        : HikariPool-2 - Added connection com.mysql.cj.jdbc.ConnectionImpl@6ee5cd06
2024-01-29T14:00:42.810-06:00  INFO 31492 --- [           main] com.zaxxer.hikari.HikariDataSource       : HikariPool-2 - Start completed.
2024-01-29T14:00:42.811-06:00 DEBUG 31492 --- [           main] o.h.e.j.e.i.JdbcEnvironmentInitiator     : Database ->
       name : MySQL
    version : 8.0.35
      major : 8
      minor : 0
2024-01-29T14:00:42.811-06:00 DEBUG 31492 --- [           main] o.h.e.j.e.i.JdbcEnvironmentInitiator     : Driver ->
       name : MySQL Connector/J
    version : mysql-connector-java-8.0.28 (Revision: 7ff2161da3899f379fb3171b6538b191b1c5c7e2)
      major : 8
      minor : 0
2024-01-29T14:00:42.811-06:00 DEBUG 31492 --- [           main] o.h.e.j.e.i.JdbcEnvironmentInitiator     : JDBC version : 4.2
2024-01-29T14:00:42.815-06:00 DEBUG 31492 --- [           main] org.hibernate.orm.dialect                : HHH035001: Using dialect: org.hibernate.dialect.MySQLDialect, version: 8.0.35
2024-01-29T14:00:42.815-06:00 DEBUG 31492 --- [           main] o.h.e.j.env.spi.IdentifierHelperBuilder  : JDBC driver metadata reported database stores quoted identifiers in more than one case
2024-01-29T14:00:42.816-06:00 DEBUG 31492 --- [           main] o.h.e.j.env.spi.IdentifierHelperBuilder  : IdentifierCaseStrategy for both quoted and unquoted identifiers was set to the same strategy [LOWER]; that will likely lead to problems in schema update and validation if using quoted identifiers
2024-01-29T14:00:42.819-06:00 DEBUG 31492 --- [           main] o.h.t.d.sql.spi.DdlTypeRegistry          : addDescriptor(12, org.hibernate.type.descriptor.sql.internal.CapacityDependentDdlType@173f86cc) replaced previous registration(org.hibernate.type.descriptor.sql.internal.CapacityDependentDdlType@57f2f4d0)
2024-01-29T14:00:42.819-06:00 DEBUG 31492 --- [           main] o.h.t.d.sql.spi.DdlTypeRegistry          : addDescriptor(-9, org.hibernate.type.descriptor.sql.internal.CapacityDependentDdlType@3246485a) replaced previous registration(org.hibernate.type.descriptor.sql.internal.CapacityDependentDdlType@68cbf488)
2024-01-29T14:00:42.819-06:00 DEBUG 31492 --- [           main] o.h.t.d.sql.spi.DdlTypeRegistry          : addDescriptor(-3, org.hibernate.type.descriptor.sql.internal.CapacityDependentDdlType@32906bb) replaced previous registration(org.hibernate.type.descriptor.sql.internal.CapacityDependentDdlType@43bd267a)
2024-01-29T14:00:42.819-06:00 DEBUG 31492 --- [           main] o.h.t.d.sql.spi.DdlTypeRegistry          : addDescriptor(4003, org.hibernate.type.descriptor.sql.internal.DdlTypeImpl@4339a2cf) replaced previous registration(org.hibernate.type.descriptor.sql.internal.DdlTypeImpl@74e17194)
2024-01-29T14:00:42.819-06:00 DEBUG 31492 --- [           main] o.h.t.d.sql.spi.DdlTypeRegistry          : addDescriptor(4001, org.hibernate.type.descriptor.sql.internal.DdlTypeImpl@3fb6ad6d) replaced previous registration(org.hibernate.type.descriptor.sql.internal.DdlTypeImpl@1512c217)
2024-01-29T14:00:42.819-06:00 DEBUG 31492 --- [           main] o.h.t.d.sql.spi.DdlTypeRegistry          : addDescriptor(4002, org.hibernate.type.descriptor.sql.internal.DdlTypeImpl@1bb325a0) replaced previous registration(org.hibernate.type.descriptor.sql.internal.DdlTypeImpl@64219a93)
2024-01-29T14:00:42.819-06:00 DEBUG 31492 --- [           main] o.h.t.d.sql.spi.DdlTypeRegistry          : addDescriptor(2004, org.hibernate.type.descriptor.sql.internal.CapacityDependentDdlType@6ef69ebf) replaced previous registration(org.hibernate.type.descriptor.sql.internal.DdlTypeImpl@6df7fb0c)
2024-01-29T14:00:42.819-06:00 DEBUG 31492 --- [           main] o.h.t.d.sql.spi.DdlTypeRegistry          : addDescriptor(2005, org.hibernate.type.descriptor.sql.internal.CapacityDependentDdlType@6feb5d37) replaced previous registration(org.hibernate.type.descriptor.sql.internal.DdlTypeImpl@7f6a75b)
2024-01-29T14:00:42.820-06:00 DEBUG 31492 --- [           main] o.h.t.d.sql.spi.DdlTypeRegistry          : addDescriptor(2011, org.hibernate.type.descriptor.sql.internal.CapacityDependentDdlType@5dafd27c) replaced previous registration(org.hibernate.type.descriptor.sql.internal.DdlTypeImpl@fd27d5e)
2024-01-29T14:00:42.820-06:00 DEBUG 31492 --- [           main] o.h.t.d.jdbc.spi.JdbcTypeRegistry        : addDescriptor(NCharTypeDescriptor) replaced previous registration(CharTypeDescriptor)
2024-01-29T14:00:42.820-06:00 DEBUG 31492 --- [           main] o.h.t.d.jdbc.spi.JdbcTypeRegistry        : addDescriptor(NVarcharTypeDescriptor) replaced previous registration(VarcharTypeDescriptor)
2024-01-29T14:00:42.820-06:00 DEBUG 31492 --- [           main] o.h.t.d.jdbc.spi.JdbcTypeRegistry        : addDescriptor(LongNVarcharTypeDescriptor) replaced previous registration(LongVarcharTypeDescriptor)
2024-01-29T14:00:42.820-06:00 DEBUG 31492 --- [           main] o.h.t.d.jdbc.spi.JdbcTypeRegistry        : addDescriptor(NClobTypeDescriptor(DEFAULT)) replaced previous registration(ClobTypeDescriptor(DEFAULT))
2024-01-29T14:00:42.820-06:00 DEBUG 31492 --- [           main] o.h.t.d.jdbc.spi.JdbcTypeRegistry        : addDescriptor(2005, ClobTypeDescriptor(STREAM_BINDING)) replaced previous registration(ClobTypeDescriptor(DEFAULT))
2024-01-29T14:00:42.820-06:00 DEBUG 31492 --- [           main] org.hibernate.type.BasicTypeRegistry     : Adding type registration null -> org.hibernate.type.NullType@3ae58b76
2024-01-29T14:00:42.820-06:00 DEBUG 31492 --- [           main] org.hibernate.type.BasicTypeRegistry     : Type registration key [null] overrode previous entry : `org.hibernate.type.NullType@7ca0aa55`
2024-01-29T14:00:42.820-06:00 DEBUG 31492 --- [           main] org.hibernate.type.BasicTypeRegistry     : Adding type registration org.hibernate.type.OffsetDateTimeType -> basicType@19(java.time.OffsetDateTime,3003)
2024-01-29T14:00:42.821-06:00 DEBUG 31492 --- [           main] org.hibernate.type.BasicTypeRegistry     : Adding type registration OffsetDateTime -> basicType@19(java.time.OffsetDateTime,3003)
2024-01-29T14:00:42.821-06:00 DEBUG 31492 --- [           main] org.hibernate.type.BasicTypeRegistry     : Adding type registration java.time.OffsetDateTime -> basicType@19(java.time.OffsetDateTime,3003)
2024-01-29T14:00:42.821-06:00 DEBUG 31492 --- [           main] org.hibernate.type.BasicTypeRegistry     : Adding type registration org.hibernate.type.ZonedDateTimeType -> basicType@20(java.time.ZonedDateTime,3003)
2024-01-29T14:00:42.821-06:00 DEBUG 31492 --- [           main] org.hibernate.type.BasicTypeRegistry     : Adding type registration ZonedDateTime -> basicType@20(java.time.ZonedDateTime,3003)
2024-01-29T14:00:42.822-06:00 DEBUG 31492 --- [           main] org.hibernate.type.BasicTypeRegistry     : Adding type registration java.time.ZonedDateTime -> basicType@20(java.time.ZonedDateTime,3003)
2024-01-29T14:00:42.822-06:00 DEBUG 31492 --- [           main] org.hibernate.type.BasicTypeRegistry     : Adding type registration org.hibernate.type.OffsetTimeType -> basicType@21(java.time.OffsetTime,3007)
2024-01-29T14:00:42.822-06:00 DEBUG 31492 --- [           main] org.hibernate.type.BasicTypeRegistry     : Adding type registration OffsetTime -> basicType@21(java.time.OffsetTime,3007)
2024-01-29T14:00:42.822-06:00 DEBUG 31492 --- [           main] org.hibernate.type.BasicTypeRegistry     : Adding type registration java.time.OffsetTime -> basicType@21(java.time.OffsetTime,3007)
2024-01-29T14:00:42.822-06:00 DEBUG 31492 --- [           main] o.h.type.spi.TypeConfiguration$Scope     : Scoping TypeConfiguration [org.hibernate.type.spi.TypeConfiguration@81b2f0e] to MetadataBuildingContext [org.hibernate.boot.internal.MetadataBuildingContextRootImpl@2b843043]
2024-01-29T14:00:42.824-06:00 DEBUG 31492 --- [           main] o.h.boot.model.relational.Namespace      : Created database namespace [logicalName=Name{catalog=null, schema=null}, physicalName=Name{catalog=null, schema=null}]
2024-01-29T14:00:42.825-06:00 DEBUG 31492 --- [           main] o.h.boot.model.internal.EntityBinder     : Binding entity from annotated class: services.liftNotes.config.models.ApplicationUser
2024-01-29T14:00:42.825-06:00 DEBUG 31492 --- [           main] o.h.boot.model.internal.EntityBinder     : Import with entity name ApplicationUser
2024-01-29T14:00:42.825-06:00 DEBUG 31492 --- [           main] o.h.boot.model.internal.EntityBinder     : Bind entity services.liftNotes.config.models.ApplicationUser on table users
2024-01-29T14:00:42.826-06:00 DEBUG 31492 --- [           main] o.h.boot.model.internal.AnnotatedColumn  : Binding column: AnnotatedDiscriminatorColumn(column='DTYPE')
2024-01-29T14:00:42.833-06:00 DEBUG 31492 --- [           main] o.h.boot.model.internal.AnnotatedColumn  : Binding column: AnnotatedColumn(column='user_id')
2024-01-29T14:00:42.834-06:00 DEBUG 31492 --- [           main] o.h.boot.internal.ClassLoaderAccessImpl  : Not known whether passed class name [services.liftNotes.config.models.ApplicationUser] is safe
2024-01-29T14:00:42.834-06:00 DEBUG 31492 --- [           main] o.h.boot.internal.ClassLoaderAccessImpl  : No temp ClassLoader provided; using live ClassLoader for loading potentially unsafe class : services.liftNotes.config.models.ApplicationUser
2024-01-29T14:00:42.834-06:00 DEBUG 31492 --- [           main] o.h.boot.model.internal.PropertyBinder   : MetadataSourceProcessor property userId with lazy=false
2024-01-29T14:00:42.834-06:00 DEBUG 31492 --- [           main] o.h.b.m.internal.AbstractPropertyHolder  : Attempting to locate auto-apply AttributeConverter for property [services.liftNotes.config.models.ApplicationUser:userId]
2024-01-29T14:00:42.834-06:00 DEBUG 31492 --- [           main] o.h.b.model.internal.BasicValueBinder    : building BasicValue for userId
2024-01-29T14:00:42.835-06:00 DEBUG 31492 --- [           main] org.hibernate.mapping.BasicValue         : Skipping column re-registration: users.user_id
2024-01-29T14:00:42.835-06:00 DEBUG 31492 --- [           main] o.h.boot.model.internal.PropertyBinder   : Building property userId
2024-01-29T14:00:42.835-06:00 DEBUG 31492 --- [           main] o.h.boot.model.internal.BinderHelper     : #makeIdGenerator(BasicValue([Column(user_id)]), userId, identity, , ...)
2024-01-29T14:00:42.838-06:00 DEBUG 31492 --- [           main] o.h.boot.model.internal.AnnotatedColumn  : Binding column: IndexColumn(column='authorities_ORDER')
2024-01-29T14:00:42.841-06:00 DEBUG 31492 --- [           main] o.h.boot.model.internal.AnnotatedColumn  : Binding column: AnnotatedColumn()
2024-01-29T14:00:42.843-06:00 DEBUG 31492 --- [           main] o.h.boot.model.internal.AnnotatedColumn  : Binding column: AnnotatedColumn(column='authorities_KEY')
2024-01-29T14:00:42.843-06:00 DEBUG 31492 --- [           main] o.h.boot.model.internal.AnnotatedColumn  : Binding column: AnnotatedJoinColumn(column='authorities_KEY')
2024-01-29T14:00:42.844-06:00 DEBUG 31492 --- [           main] o.h.boot.model.internal.AnnotatedColumn  : Binding column: AnnotatedJoinColumn(column='user_id')
2024-01-29T14:00:42.844-06:00 DEBUG 31492 --- [           main] o.h.boot.model.internal.AnnotatedColumn  : Binding column: AnnotatedJoinColumn(column='role_id')
2024-01-29T14:00:42.844-06:00 DEBUG 31492 --- [           main] o.h.b.model.internal.CollectionBinder    : Collection role: services.liftNotes.config.models.ApplicationUser.authorities
2024-01-29T14:00:42.844-06:00 DEBUG 31492 --- [           main] o.h.boot.model.internal.PropertyBinder   : Building property authorities
2024-01-29T14:00:42.846-06:00 DEBUG 31492 --- [           main] o.h.boot.model.internal.AnnotatedColumn  : Binding column: AnnotatedColumn()
2024-01-29T14:00:42.846-06:00 DEBUG 31492 --- [           main] o.h.boot.model.internal.PropertyBinder   : MetadataSourceProcessor property password with lazy=false
2024-01-29T14:00:42.846-06:00 DEBUG 31492 --- [           main] o.h.b.m.internal.AbstractPropertyHolder  : Attempting to locate auto-apply AttributeConverter for property [services.liftNotes.config.models.ApplicationUser:password]
2024-01-29T14:00:42.846-06:00 DEBUG 31492 --- [           main] o.h.b.model.internal.BasicValueBinder    : building BasicValue for password
2024-01-29T14:00:42.847-06:00 DEBUG 31492 --- [           main] org.hibernate.mapping.BasicValue         : Skipping column re-registration: users.password
2024-01-29T14:00:42.847-06:00 DEBUG 31492 --- [           main] o.h.boot.model.internal.PropertyBinder   : Building property password
2024-01-29T14:00:42.854-06:00 DEBUG 31492 --- [           main] o.h.boot.model.internal.AnnotatedColumn  : Binding column: AnnotatedColumn()
2024-01-29T14:00:42.854-06:00 DEBUG 31492 --- [           main] o.h.boot.model.internal.PropertyBinder   : MetadataSourceProcessor property username with lazy=false
2024-01-29T14:00:42.854-06:00 DEBUG 31492 --- [           main] o.h.b.m.internal.AbstractPropertyHolder  : Attempting to locate auto-apply AttributeConverter for property [services.liftNotes.config.models.ApplicationUser:username]
2024-01-29T14:00:42.854-06:00 DEBUG 31492 --- [           main] o.h.b.model.internal.BasicValueBinder    : building BasicValue for username
2024-01-29T14:00:42.854-06:00 DEBUG 31492 --- [           main] org.hibernate.mapping.BasicValue         : Skipping column re-registration: users.username
2024-01-29T14:00:42.855-06:00 DEBUG 31492 --- [           main] o.h.boot.model.internal.PropertyBinder   : Building property username
2024-01-29T14:00:42.856-06:00 DEBUG 31492 --- [           main] o.h.boot.model.internal.EntityBinder     : Binding entity from annotated class: services.liftNotes.config.models.Role
2024-01-29T14:00:42.856-06:00 DEBUG 31492 --- [           main] o.h.boot.model.internal.EntityBinder     : Import with entity name Role
2024-01-29T14:00:42.856-06:00 DEBUG 31492 --- [           main] o.h.boot.model.internal.EntityBinder     : Bind entity services.liftNotes.config.models.Role on table roles
2024-01-29T14:00:42.857-06:00 DEBUG 31492 --- [           main] o.h.boot.model.internal.AnnotatedColumn  : Binding column: AnnotatedDiscriminatorColumn(column='DTYPE')
[...]
	at org.jacoco.agent.rt.internal_3570298.asm.ClassReader.<init>(ClassReader.java:163)
	at org.jacoco.agent.rt.internal_3570298.core.internal.instr.InstrSupport.classReaderFor(InstrSupport.java:280)
	at org.jacoco.agent.rt.internal_3570298.core.instr.Instrumenter.instrument(Instrumenter.java:76)
	at org.jacoco.agent.rt.internal_3570298.core.instr.Instrumenter.instrument(Instrumenter.java:108)
	... 139 more
]]></system-err>
  </testcase>
  <testcase name="usernameAlreadyExistsException" classname="services.liftNotes.services.AuthServiceTests" time="0.034">
    <system-out><![CDATA[2024-01-29T14:00:45.022-06:00 DEBUG 31492 --- [           main] org.springframework.test.context.cache   : Spring test ApplicationContext cache statistics: [DefaultContextCache@5949c3a5 size = 2, maxSize = 32, parentContextCount = 0, hitCount = 25, missCount = 2]
2024-01-29T14:00:45.022-06:00 DEBUG 31492 --- [           main] o.s.t.c.w.ServletTestExecutionListener   : Setting up MockHttpServletRequest, MockHttpServletResponse, ServletWebRequest, and RequestContextHolder for test class services.liftNotes.services.AuthServiceTests
2024-01-29T14:00:45.022-06:00 DEBUG 31492 --- [           main] org.springframework.test.context.cache   : Spring test ApplicationContext cache statistics: [DefaultContextCache@5949c3a5 size = 2, maxSize = 32, parentContextCount = 0, hitCount = 26, missCount = 2]
2024-01-29T14:00:45.023-06:00 DEBUG 31492 --- [           main] DependencyInjectionTestExecutionListener : Performing dependency injection for test class services.liftNotes.services.AuthServiceTests
2024-01-29T14:00:45.023-06:00 DEBUG 31492 --- [           main] org.springframework.test.context.cache   : Spring test ApplicationContext cache statistics: [DefaultContextCache@5949c3a5 size = 2, maxSize = 32, parentContextCount = 0, hitCount = 27, missCount = 2]
2024-01-29T14:00:45.023-06:00 DEBUG 31492 --- [           main] org.springframework.test.context.cache   : Spring test ApplicationContext cache statistics: [DefaultContextCache@5949c3a5 size = 2, maxSize = 32, parentContextCount = 0, hitCount = 28, missCount = 2]
2024-01-29T14:00:45.024-06:00 DEBUG 31492 --- [           main] sContextBeforeModesTestExecutionListener : Before test method: class [AuthServiceTests], method [usernameAlreadyExistsException], class annotated with @DirtiesContext [false] with mode [null], method annotated with @DirtiesContext [false] with mode [null]
2024-01-29T14:00:45.024-06:00 DEBUG 31492 --- [           main] org.springframework.test.context.cache   : Spring test ApplicationContext cache statistics: [DefaultContextCache@5949c3a5 size = 2, maxSize = 32, parentContextCount = 0, hitCount = 29, missCount = 2]
2024-01-29T14:00:45.024-06:00 DEBUG 31492 --- [           main] org.springframework.test.context.cache   : Spring test ApplicationContext cache statistics: [DefaultContextCache@5949c3a5 size = 2, maxSize = 32, parentContextCount = 0, hitCount = 30, missCount = 2]
2024-01-29T14:00:45.025-06:00 DEBUG 31492 --- [           main] org.springframework.test.context.cache   : Spring test ApplicationContext cache statistics: [DefaultContextCache@5949c3a5 size = 2, maxSize = 32, parentContextCount = 0, hitCount = 31, missCount = 2]
2024-01-29T14:00:45.038-06:00 DEBUG 31492 --- [           main] o.s.orm.jpa.JpaTransactionManager        : Creating new transaction with name [services.liftNotes.config.service.AuthService.registerUser]: PROPAGATION_REQUIRED,ISOLATION_DEFAULT
2024-01-29T14:00:45.038-06:00 DEBUG 31492 --- [           main] o.s.orm.jpa.JpaTransactionManager        : Opened new EntityManager [SessionImpl(1090907060<open>)] for JPA transaction
2024-01-29T14:00:45.038-06:00 DEBUG 31492 --- [           main] o.h.e.t.internal.TransactionImpl         : On TransactionImpl creation, JpaCompliance#isJpaTransactionComplianceEnabled == false
2024-01-29T14:00:45.038-06:00 DEBUG 31492 --- [           main] o.h.e.t.internal.TransactionImpl         : begin
2024-01-29T14:00:45.039-06:00 DEBUG 31492 --- [           main] o.s.orm.jpa.JpaTransactionManager        : Exposing JPA transaction as JDBC [org.springframework.orm.jpa.vendor.HibernateJpaDialect$HibernateConnectionHandle@9141410]
2024-01-29T14:00:45.044-06:00 DEBUG 31492 --- [           main] o.s.orm.jpa.JpaTransactionManager        : Initiating transaction commit
2024-01-29T14:00:45.044-06:00 DEBUG 31492 --- [           main] o.s.orm.jpa.JpaTransactionManager        : Committing JPA transaction on EntityManager [SessionImpl(1090907060<open>)]
2024-01-29T14:00:45.044-06:00 DEBUG 31492 --- [           main] o.h.e.t.internal.TransactionImpl         : committing
2024-01-29T14:00:45.045-06:00 DEBUG 31492 --- [           main] o.s.orm.jpa.JpaTransactionManager        : Closing JPA EntityManager [SessionImpl(1090907060<open>)] after transaction
2024-01-29T14:00:45.055-06:00 DEBUG 31492 --- [           main] org.springframework.test.context.cache   : Spring test ApplicationContext cache statistics: [DefaultContextCache@5949c3a5 size = 2, maxSize = 32, parentContextCount = 0, hitCount = 32, missCount = 2]
2024-01-29T14:00:45.055-06:00 DEBUG 31492 --- [           main] org.springframework.test.context.cache   : Spring test ApplicationContext cache statistics: [DefaultContextCache@5949c3a5 size = 2, maxSize = 32, parentContextCount = 0, hitCount = 33, missCount = 2]
2024-01-29T14:00:45.055-06:00 DEBUG 31492 --- [           main] org.springframework.test.context.cache   : Spring test ApplicationContext cache statistics: [DefaultContextCache@5949c3a5 size = 2, maxSize = 32, parentContextCount = 0, hitCount = 34, missCount = 2]
2024-01-29T14:00:45.055-06:00 DEBUG 31492 --- [           main] org.springframework.test.context.cache   : Spring test ApplicationContext cache statistics: [DefaultContextCache@5949c3a5 size = 2, maxSize = 32, parentContextCount = 0, hitCount = 35, missCount = 2]
2024-01-29T14:00:45.056-06:00 DEBUG 31492 --- [           main] org.springframework.test.context.cache   : Spring test ApplicationContext cache statistics: [DefaultContextCache@5949c3a5 size = 2, maxSize = 32, parentContextCount = 0, hitCount = 36, missCount = 2]
2024-01-29T14:00:45.057-06:00 DEBUG 31492 --- [           main] org.springframework.test.context.cache   : Spring test ApplicationContext cache statistics: [DefaultContextCache@5949c3a5 size = 2, maxSize = 32, parentContextCount = 0, hitCount = 37, missCount = 2]
2024-01-29T14:00:45.057-06:00 DEBUG 31492 --- [           main] .c.s.DirtiesContextTestExecutionListener : After test method: class [AuthServiceTests], method [usernameAlreadyExistsException], class annotated with @DirtiesContext [false] with mode [null], method annotated with @DirtiesContext [false] with mode [null]
2024-01-29T14:00:45.057-06:00 DEBUG 31492 --- [           main] o.s.t.c.w.ServletTestExecutionListener   : Resetting RequestContextHolder for test class services.liftNotes.services.AuthServiceTests
]]></system-out>
  </testcase>
  <testcase name="testRegisterUser" classname="services.liftNotes.services.AuthServiceTests" time="0.007">
    <system-out><![CDATA[2024-01-29T14:00:45.058-06:00 DEBUG 31492 --- [           main] org.springframework.test.context.cache   : Spring test ApplicationContext cache statistics: [DefaultContextCache@5949c3a5 size = 2, maxSize = 32, parentContextCount = 0, hitCount = 38, missCount = 2]
2024-01-29T14:00:45.058-06:00 DEBUG 31492 --- [           main] o.s.t.c.w.ServletTestExecutionListener   : Setting up MockHttpServletRequest, MockHttpServletResponse, ServletWebRequest, and RequestContextHolder for test class services.liftNotes.services.AuthServiceTests
2024-01-29T14:00:45.058-06:00 DEBUG 31492 --- [           main] org.springframework.test.context.cache   : Spring test ApplicationContext cache statistics: [DefaultContextCache@5949c3a5 size = 2, maxSize = 32, parentContextCount = 0, hitCount = 39, missCount = 2]
2024-01-29T14:00:45.058-06:00 DEBUG 31492 --- [           main] DependencyInjectionTestExecutionListener : Performing dependency injection for test class services.liftNotes.services.AuthServiceTests
2024-01-29T14:00:45.058-06:00 DEBUG 31492 --- [           main] org.springframework.test.context.cache   : Spring test ApplicationContext cache statistics: [DefaultContextCache@5949c3a5 size = 2, maxSize = 32, parentContextCount = 0, hitCount = 40, missCount = 2]
2024-01-29T14:00:45.059-06:00 DEBUG 31492 --- [           main] org.springframework.test.context.cache   : Spring test ApplicationContext cache statistics: [DefaultContextCache@5949c3a5 size = 2, maxSize = 32, parentContextCount = 0, hitCount = 41, missCount = 2]
2024-01-29T14:00:45.060-06:00 DEBUG 31492 --- [           main] sContextBeforeModesTestExecutionListener : Before test method: class [AuthServiceTests], method [testRegisterUser], class annotated with @DirtiesContext [false] with mode [null], method annotated with @DirtiesContext [false] with mode [null]
2024-01-29T14:00:45.060-06:00 DEBUG 31492 --- [           main] org.springframework.test.context.cache   : Spring test ApplicationContext cache statistics: [DefaultContextCache@5949c3a5 size = 2, maxSize = 32, parentContextCount = 0, hitCount = 42, missCount = 2]
2024-01-29T14:00:45.060-06:00 DEBUG 31492 --- [           main] org.springframework.test.context.cache   : Spring test ApplicationContext cache statistics: [DefaultContextCache@5949c3a5 size = 2, maxSize = 32, parentContextCount = 0, hitCount = 43, missCount = 2]
2024-01-29T14:00:45.061-06:00 DEBUG 31492 --- [           main] org.springframework.test.context.cache   : Spring test ApplicationContext cache statistics: [DefaultContextCache@5949c3a5 size = 2, maxSize = 32, parentContextCount = 0, hitCount = 44, missCount = 2]
2024-01-29T14:00:45.061-06:00 DEBUG 31492 --- [           main] o.s.orm.jpa.JpaTransactionManager        : Creating new transaction with name [services.liftNotes.config.service.AuthService.registerUser]: PROPAGATION_REQUIRED,ISOLATION_DEFAULT
2024-01-29T14:00:45.061-06:00 DEBUG 31492 --- [           main] o.s.orm.jpa.JpaTransactionManager        : Opened new EntityManager [SessionImpl(1815055160<open>)] for JPA transaction
2024-01-29T14:00:45.061-06:00 DEBUG 31492 --- [           main] o.h.e.t.internal.TransactionImpl         : On TransactionImpl creation, JpaCompliance#isJpaTransactionComplianceEnabled == false
2024-01-29T14:00:45.061-06:00 DEBUG 31492 --- [           main] o.h.e.t.internal.TransactionImpl         : begin
2024-01-29T14:00:45.062-06:00 DEBUG 31492 --- [           main] o.s.orm.jpa.JpaTransactionManager        : Exposing JPA transaction as JDBC [org.springframework.orm.jpa.vendor.HibernateJpaDialect$HibernateConnectionHandle@4faedfa4]
2024-01-29T14:00:45.063-06:00 DEBUG 31492 --- [           main] o.s.orm.jpa.JpaTransactionManager        : Initiating transaction commit
2024-01-29T14:00:45.063-06:00 DEBUG 31492 --- [           main] o.s.orm.jpa.JpaTransactionManager        : Committing JPA transaction on EntityManager [SessionImpl(1815055160<open>)]
2024-01-29T14:00:45.063-06:00 DEBUG 31492 --- [           main] o.h.e.t.internal.TransactionImpl         : committing
2024-01-29T14:00:45.063-06:00 DEBUG 31492 --- [           main] o.s.orm.jpa.JpaTransactionManager        : Closing JPA EntityManager [SessionImpl(1815055160<open>)] after transaction
2024-01-29T14:00:45.064-06:00 DEBUG 31492 --- [           main] org.springframework.test.context.cache   : Spring test ApplicationContext cache statistics: [DefaultContextCache@5949c3a5 size = 2, maxSize = 32, parentContextCount = 0, hitCount = 45, missCount = 2]
2024-01-29T14:00:45.064-06:00 DEBUG 31492 --- [           main] org.springframework.test.context.cache   : Spring test ApplicationContext cache statistics: [DefaultContextCache@5949c3a5 size = 2, maxSize = 32, parentContextCount = 0, hitCount = 46, missCount = 2]
2024-01-29T14:00:45.065-06:00 DEBUG 31492 --- [           main] org.springframework.test.context.cache   : Spring test ApplicationContext cache statistics: [DefaultContextCache@5949c3a5 size = 2, maxSize = 32, parentContextCount = 0, hitCount = 47, missCount = 2]
2024-01-29T14:00:45.065-06:00 DEBUG 31492 --- [           main] org.springframework.test.context.cache   : Spring test ApplicationContext cache statistics: [DefaultContextCache@5949c3a5 size = 2, maxSize = 32, parentContextCount = 0, hitCount = 48, missCount = 2]
2024-01-29T14:00:45.065-06:00 DEBUG 31492 --- [           main] org.springframework.test.context.cache   : Spring test ApplicationContext cache statistics: [DefaultContextCache@5949c3a5 size = 2, maxSize = 32, parentContextCount = 0, hitCount = 49, missCount = 2]
2024-01-29T14:00:45.066-06:00 DEBUG 31492 --- [           main] org.springframework.test.context.cache   : Spring test ApplicationContext cache statistics: [DefaultContextCache@5949c3a5 size = 2, maxSize = 32, parentContextCount = 0, hitCount = 50, missCount = 2]
2024-01-29T14:00:45.066-06:00 DEBUG 31492 --- [           main] .c.s.DirtiesContextTestExecutionListener : After test method: class [AuthServiceTests], method [testRegisterUser], class annotated with @DirtiesContext [false] with mode [null], method annotated with @DirtiesContext [false] with mode [null]
2024-01-29T14:00:45.066-06:00 DEBUG 31492 --- [           main] o.s.t.c.w.ServletTestExecutionListener   : Resetting RequestContextHolder for test class services.liftNotes.services.AuthServiceTests
]]></system-out>
  </testcase>
  <testcase name="testLoginUserAccountDoesNotExist" classname="services.liftNotes.services.AuthServiceTests" time="0.011">
    <system-out><![CDATA[2024-01-29T14:00:45.067-06:00 DEBUG 31492 --- [           main] org.springframework.test.context.cache   : Spring test ApplicationContext cache statistics: [DefaultContextCache@5949c3a5 size = 2, maxSize = 32, parentContextCount = 0, hitCount = 51, missCount = 2]
2024-01-29T14:00:45.067-06:00 DEBUG 31492 --- [           main] o.s.t.c.w.ServletTestExecutionListener   : Setting up MockHttpServletRequest, MockHttpServletResponse, ServletWebRequest, and RequestContextHolder for test class services.liftNotes.services.AuthServiceTests
2024-01-29T14:00:45.067-06:00 DEBUG 31492 --- [           main] org.springframework.test.context.cache   : Spring test ApplicationContext cache statistics: [DefaultContextCache@5949c3a5 size = 2, maxSize = 32, parentContextCount = 0, hitCount = 52, missCount = 2]
2024-01-29T14:00:45.067-06:00 DEBUG 31492 --- [           main] DependencyInjectionTestExecutionListener : Performing dependency injection for test class services.liftNotes.services.AuthServiceTests
2024-01-29T14:00:45.068-06:00 DEBUG 31492 --- [           main] org.springframework.test.context.cache   : Spring test ApplicationContext cache statistics: [DefaultContextCache@5949c3a5 size = 2, maxSize = 32, parentContextCount = 0, hitCount = 53, missCount = 2]
2024-01-29T14:00:45.068-06:00 DEBUG 31492 --- [           main] org.springframework.test.context.cache   : Spring test ApplicationContext cache statistics: [DefaultContextCache@5949c3a5 size = 2, maxSize = 32, parentContextCount = 0, hitCount = 54, missCount = 2]
2024-01-29T14:00:45.068-06:00 DEBUG 31492 --- [           main] sContextBeforeModesTestExecutionListener : Before test method: class [AuthServiceTests], method [testLoginUserAccountDoesNotExist], class annotated with @DirtiesContext [false] with mode [null], method annotated with @DirtiesContext [false] with mode [null]
2024-01-29T14:00:45.069-06:00 DEBUG 31492 --- [           main] org.springframework.test.context.cache   : Spring test ApplicationContext cache statistics: [DefaultContextCache@5949c3a5 size = 2, maxSize = 32, parentContextCount = 0, hitCount = 55, missCount = 2]
2024-01-29T14:00:45.069-06:00 DEBUG 31492 --- [           main] org.springframework.test.context.cache   : Spring test ApplicationContext cache statistics: [DefaultContextCache@5949c3a5 size = 2, maxSize = 32, parentContextCount = 0, hitCount = 56, missCount = 2]
2024-01-29T14:00:45.069-06:00 DEBUG 31492 --- [           main] org.springframework.test.context.cache   : Spring test ApplicationContext cache statistics: [DefaultContextCache@5949c3a5 size = 2, maxSize = 32, parentContextCount = 0, hitCount = 57, missCount = 2]
2024-01-29T14:00:45.072-06:00 DEBUG 31492 --- [           main] o.s.orm.jpa.JpaTransactionManager        : Creating new transaction with name [services.liftNotes.config.service.AuthService.loginUser]: PROPAGATION_REQUIRED,ISOLATION_DEFAULT
2024-01-29T14:00:45.072-06:00 DEBUG 31492 --- [           main] o.s.orm.jpa.JpaTransactionManager        : Opened new EntityManager [SessionImpl(1946962423<open>)] for JPA transaction
2024-01-29T14:00:45.072-06:00 DEBUG 31492 --- [           main] o.h.e.t.internal.TransactionImpl         : On TransactionImpl creation, JpaCompliance#isJpaTransactionComplianceEnabled == false
2024-01-29T14:00:45.072-06:00 DEBUG 31492 --- [           main] o.h.e.t.internal.TransactionImpl         : begin
2024-01-29T14:00:45.073-06:00 DEBUG 31492 --- [           main] o.s.orm.jpa.JpaTransactionManager        : Exposing JPA transaction as JDBC [org.springframework.orm.jpa.vendor.HibernateJpaDialect$HibernateConnectionHandle@72429d50]
2024-01-29T14:00:45.076-06:00 DEBUG 31492 --- [           main] o.s.orm.jpa.JpaTransactionManager        : Initiating transaction commit
2024-01-29T14:00:45.076-06:00 DEBUG 31492 --- [           main] o.s.orm.jpa.JpaTransactionManager        : Committing JPA transaction on EntityManager [SessionImpl(1946962423<open>)]
2024-01-29T14:00:45.076-06:00 DEBUG 31492 --- [           main] o.h.e.t.internal.TransactionImpl         : committing
2024-01-29T14:00:45.076-06:00 DEBUG 31492 --- [           main] o.s.orm.jpa.JpaTransactionManager        : Closing JPA EntityManager [SessionImpl(1946962423<open>)] after transaction
2024-01-29T14:00:45.077-06:00 DEBUG 31492 --- [           main] org.springframework.test.context.cache   : Spring test ApplicationContext cache statistics: [DefaultContextCache@5949c3a5 size = 2, maxSize = 32, parentContextCount = 0, hitCount = 58, missCount = 2]
2024-01-29T14:00:45.077-06:00 DEBUG 31492 --- [           main] org.springframework.test.context.cache   : Spring test ApplicationContext cache statistics: [DefaultContextCache@5949c3a5 size = 2, maxSize = 32, parentContextCount = 0, hitCount = 59, missCount = 2]
2024-01-29T14:00:45.077-06:00 DEBUG 31492 --- [           main] org.springframework.test.context.cache   : Spring test ApplicationContext cache statistics: [DefaultContextCache@5949c3a5 size = 2, maxSize = 32, parentContextCount = 0, hitCount = 60, missCount = 2]
2024-01-29T14:00:45.077-06:00 DEBUG 31492 --- [           main] org.springframework.test.context.cache   : Spring test ApplicationContext cache statistics: [DefaultContextCache@5949c3a5 size = 2, maxSize = 32, parentContextCount = 0, hitCount = 61, missCount = 2]
2024-01-29T14:00:45.078-06:00 DEBUG 31492 --- [           main] org.springframework.test.context.cache   : Spring test ApplicationContext cache statistics: [DefaultContextCache@5949c3a5 size = 2, maxSize = 32, parentContextCount = 0, hitCount = 62, missCount = 2]
2024-01-29T14:00:45.078-06:00 DEBUG 31492 --- [           main] org.springframework.test.context.cache   : Spring test ApplicationContext cache statistics: [DefaultContextCache@5949c3a5 size = 2, maxSize = 32, parentContextCount = 0, hitCount = 63, missCount = 2]
2024-01-29T14:00:45.079-06:00 DEBUG 31492 --- [           main] .c.s.DirtiesContextTestExecutionListener : After test method: class [AuthServiceTests], method [testLoginUserAccountDoesNotExist], class annotated with @DirtiesContext [false] with mode [null], method annotated with @DirtiesContext [false] with mode [null]
2024-01-29T14:00:45.079-06:00 DEBUG 31492 --- [           main] o.s.t.c.w.ServletTestExecutionListener   : Resetting RequestContextHolder for test class services.liftNotes.services.AuthServiceTests
]]></system-out>
  </testcase>
</testsuite>